2025-07-01 02:53:20 - CartController initialized for logged-in users
2025-07-01 02:53:20 - addToCart - Start - Data: {"product_id":5,"quantity":1,"user_id":7}
2025-07-01 02:53:25 - CartController initialized for logged-in users
2025-07-01 03:14:59 - CartController initialized for logged-in users
2025-07-01 03:15:17 - CartController initialized for logged-in users
2025-07-01 03:17:42 - CartController initialized for logged-in users
2025-07-01 03:17:45 - CartController initialized for logged-in users
2025-07-01 03:17:47 - CartController initialized for logged-in users
2025-07-01 03:17:52 - CartController initialized for logged-in users
2025-07-01 03:17:52 - addToCart - Start - Data: {"product_id":2,"quantity":1,"user_id":7}
2025-07-01 03:17:54 - CartController initialized for logged-in users
2025-07-01 03:17:54 - addToCart - Start - Data: {"product_id":2,"quantity":1,"user_id":7}
2025-07-01 03:17:54 - addToCart - Exception - Data: {"error":"Số lượng trong giỏ vượt quá số lượng tồn kho."}
2025-07-01 03:17:56 - CartController initialized for logged-in users
2025-07-01 03:17:56 - addToCart - Start - Data: {"product_id":4,"quantity":1,"user_id":7}
2025-07-01 03:17:57 - CartController initialized for logged-in users
2025-07-01 03:18:00 - CartController initialized for logged-in users
2025-07-01 03:18:02 - CartController initialized for logged-in users
2025-07-01 03:18:03 - CartController initialized for logged-in users
2025-07-01 03:21:16 - CartController initialized for logged-in users
2025-07-01 03:21:16 - addToCart - Start - Data: {"product_id":4,"quantity":1,"user_id":7}
2025-07-01 03:21:18 - CartController initialized for logged-in users
2025-07-01 03:21:27 - CartController initialized for logged-in users
2025-07-01 03:21:28 - CartController initialized for logged-in users
2025-07-01 03:21:36 - CartController initialized for logged-in users
2025-07-01 03:23:30 - CartController initialized for logged-in users
2025-07-01 03:23:33 - CartController initialized for logged-in users
2025-07-01 03:23:45 - CartController initialized for logged-in users
2025-07-01 03:23:45 - addToCart - Start - Data: {"product_id":4,"quantity":1,"user_id":7}
2025-07-01 03:24:33 - CartController initialized for logged-in users
2025-07-01 03:24:59 - CartController initialized for logged-in users
2025-07-01 03:25:15 - CartController initialized for logged-in users
2025-07-01 03:28:02 - CartController initialized for logged-in users
2025-07-01 03:29:06 - CartController initialized for logged-in users
2025-07-01 03:29:12 - CartController initialized for logged-in users
2025-07-01 03:31:35 - CartController initialized for logged-in users
2025-07-01 03:31:37 - CartController initialized for logged-in users
2025-07-01 03:31:38 - CartController initialized for logged-in users
2025-07-01 03:31:41 - CartController initialized for logged-in users
2025-07-01 03:31:41 - addToCart - Start - Data: {"product_id":2,"quantity":1,"user_id":7}
2025-07-01 03:31:42 - CartController initialized for logged-in users
2025-07-01 03:31:43 - CartController initialized for logged-in users
2025-07-01 03:31:45 - CartController initialized for logged-in users
2025-07-01 03:34:43 - CartController initialized for logged-in users
2025-07-01 03:34:44 - CartController initialized for logged-in users
2025-07-01 03:34:47 - CartController initialized for logged-in users
2025-07-01 03:34:52 - CartController initialized for logged-in users
2025-07-01 03:34:54 - CartController initialized for logged-in users
2025-07-01 03:34:57 - CartController initialized for logged-in users
2025-07-01 03:35:10 - CartController initialized for logged-in users
2025-07-01 03:35:10 - addToCart - Start - Data: {"product_id":8,"quantity":1,"user_id":7}
2025-07-01 03:35:11 - CartController initialized for logged-in users
2025-07-01 03:35:13 - CartController initialized for logged-in users
2025-07-01 03:35:17 - CartController initialized for logged-in users
2025-07-01 03:39:28 - CartController initialized for logged-in users
2025-07-01 03:39:29 - CartController initialized for logged-in users
2025-07-01 03:39:30 - CartController initialized for logged-in users
2025-07-01 03:39:30 - CartController initialized for logged-in users
2025-07-01 03:39:30 - CartController initialized for logged-in users
2025-07-01 03:40:11 - CartController initialized for logged-in users
2025-07-01 03:40:12 - CartController initialized for logged-in users
2025-07-01 03:40:12 - CartController initialized for logged-in users
2025-07-01 03:40:12 - CartController initialized for logged-in users
2025-07-01 03:40:15 - CartController initialized for logged-in users
2025-07-01 03:41:51 - CartController initialized for logged-in users
2025-07-01 03:41:54 - CartController initialized for logged-in users
2025-07-01 03:41:54 - CartController initialized for logged-in users
2025-07-01 03:41:59 - CartController initialized for logged-in users
2025-07-01 03:42:00 - CartController initialized for logged-in users
2025-07-01 03:42:02 - CartController initialized for logged-in users
2025-07-01 03:42:04 - CartController initialized for logged-in users
2025-07-01 03:42:05 - CartController initialized for logged-in users
2025-07-01 03:42:08 - CartController initialized for logged-in users
2025-07-01 03:42:08 - addToCart - Start - Data: {"product_id":9,"quantity":1,"user_id":7}
2025-07-01 03:42:09 - CartController initialized for logged-in users
2025-07-01 03:42:10 - CartController initialized for logged-in users
2025-07-01 03:42:20 - CartController initialized for logged-in users
2025-07-01 03:44:31 - CartController initialized for logged-in users
2025-07-01 03:44:33 - CartController initialized for logged-in users
2025-07-01 03:44:36 - CartController initialized for logged-in users
2025-07-01 03:44:39 - CartController initialized for logged-in users
2025-07-01 03:44:39 - addToCart - Start - Data: {"product_id":6,"quantity":1,"user_id":7}
2025-07-01 03:44:41 - CartController initialized for logged-in users
2025-07-01 03:44:42 - CartController initialized for logged-in users
2025-07-01 03:44:45 - CartController initialized for logged-in users
2025-07-01 03:45:23 - CartController initialized for logged-in users
2025-07-01 03:46:35 - CartController initialized for logged-in users
2025-07-01 03:46:35 - addToCart - Start - Data: {"product_id":10,"quantity":1,"user_id":7}
2025-07-01 03:46:36 - CartController initialized for logged-in users
2025-07-01 03:46:37 - CartController initialized for logged-in users
2025-07-01 03:46:40 - CartController initialized for logged-in users
2025-07-01 03:46:56 - CartController initialized for logged-in users
2025-07-01 13:16:22 - CartController initialized for logged-in users
2025-07-01 13:17:17 - CartController initialized for logged-in users
2025-07-01 13:18:04 - CartController initialized for logged-in users
2025-07-01 13:21:00 - CartController initialized for logged-in users
2025-07-01 13:21:22 - CartController initialized for logged-in users
2025-07-01 13:22:05 - CartController initialized for logged-in users
2025-07-01 13:26:51 - CartController initialized for logged-in users
2025-07-01 13:28:37 - CartController initialized for logged-in users
2025-07-01 14:38:26 - CartController initialized for logged-in users
2025-07-01 14:38:31 - CartController initialized for logged-in users
2025-07-01 14:50:24 - CartController initialized for logged-in users
2025-07-01 14:50:24 - addToCart - Start - Data: {"product_id":18,"quantity":1,"user_id":7}
2025-07-01 14:53:31 - CartController initialized for logged-in users
2025-07-01 14:53:39 - CartController initialized for logged-in users
2025-07-01 14:53:44 - CartController initialized for logged-in users
2025-07-01 14:53:44 - addToCart - Start - Data: {"product_id":18,"quantity":1,"user_id":7}
2025-07-01 14:53:45 - CartController initialized for logged-in users
2025-07-01 14:53:46 - CartController initialized for logged-in users
2025-07-01 14:53:52 - CartController initialized for logged-in users
2025-07-01 14:53:56 - CartController initialized for logged-in users
2025-07-01 14:53:56 - addToCart - Start - Data: {"product_id":18,"quantity":1,"user_id":7}
2025-07-01 14:53:56 - CartController initialized for logged-in users
2025-07-01 14:54:36 - CartController initialized for logged-in users
2025-07-01 14:55:03 - CartController initialized for logged-in users
2025-07-01 14:55:33 - CartController initialized for logged-in users
2025-07-01 14:56:15 - CartController initialized for logged-in users
2025-07-01 15:49:28 - CartController initialized for logged-in users
2025-07-01 20:06:34 - CartController initialized for logged-in users
2025-07-01 20:07:03 - CartController initialized for logged-in users
2025-07-01 20:07:18 - CartController initialized for logged-in users
2025-07-01 20:07:18 - addToCart - Start - Data: {"product_id":19,"quantity":1,"user_id":7}
2025-07-01 20:07:19 - CartController initialized for logged-in users
2025-07-01 20:14:07 - CartController initialized for logged-in users
2025-07-01 20:15:21 - CartController initialized for logged-in users
2025-07-01 20:20:58 - CartController initialized for logged-in users
2025-07-01 20:24:36 - CartController initialized for logged-in users
2025-07-01 20:25:06 - CartController initialized for logged-in users
2025-07-01 20:27:04 - CartController initialized for logged-in users
2025-07-01 20:27:45 - CartController initialized for logged-in users
2025-07-01 20:29:16 - CartController initialized for logged-in users
2025-07-01 20:29:21 - CartController initialized for logged-in users
2025-07-01 20:32:53 - CartController initialized for logged-in users
2025-07-01 20:33:13 - CartController initialized for logged-in users
2025-07-01 20:33:16 - CartController initialized for logged-in users
2025-07-01 20:33:17 - CartController initialized for logged-in users
2025-07-01 20:33:17 - CartController initialized for logged-in users
2025-07-01 20:33:36 - CartController initialized for logged-in users
2025-07-01 20:33:36 - CartController initialized for logged-in users
2025-07-01 20:33:57 - CartController initialized for logged-in users
2025-07-01 20:34:00 - CartController initialized for logged-in users
2025-07-01 20:35:21 - CartController initialized for logged-in users
2025-07-01 20:36:34 - CartController initialized for logged-in users
2025-07-01 20:37:38 - CartController initialized for logged-in users
2025-07-01 20:37:53 - CartController initialized for logged-in users
2025-07-01 20:38:31 - CartController initialized for logged-in users
2025-07-01 20:38:32 - CartController initialized for logged-in users
2025-07-01 20:39:09 - CartController initialized for logged-in users
2025-07-01 20:39:38 - CartController initialized for logged-in users
2025-07-01 20:41:37 - CartController initialized for logged-in users
2025-07-01 20:42:03 - CartController initialized for logged-in users
2025-07-01 20:42:04 - CartController initialized for logged-in users
2025-07-01 20:42:05 - CartController initialized for logged-in users
2025-07-01 20:42:41 - CartController initialized for logged-in users
2025-07-01 20:43:30 - CartController initialized for logged-in users
2025-07-01 20:45:52 - CartController initialized for logged-in users
2025-07-01 20:46:07 - CartController initialized for logged-in users
2025-07-01 20:46:07 - CartController initialized for logged-in users
2025-07-01 20:46:08 - CartController initialized for logged-in users
2025-07-01 20:46:08 - CartController initialized for logged-in users
2025-07-01 20:46:12 - CartController initialized for logged-in users
2025-07-01 20:46:12 - CartController initialized for logged-in users
2025-07-01 20:46:15 - CartController initialized for logged-in users
2025-07-01 20:46:15 - CartController initialized for logged-in users
2025-07-01 20:48:00 - CartController initialized for logged-in users
2025-07-01 20:48:29 - CartController initialized for logged-in users
2025-07-01 20:48:48 - CartController initialized for logged-in users
2025-07-01 20:51:27 - CartController initialized for logged-in users
2025-07-01 20:52:00 - CartController initialized for logged-in users
2025-07-01 20:52:39 - CartController initialized for logged-in users
2025-07-01 20:52:42 - CartController initialized for logged-in users
2025-07-01 20:52:44 - CartController initialized for logged-in users
2025-07-01 20:53:08 - CartController initialized for logged-in users
2025-07-01 20:53:34 - CartController initialized for logged-in users
2025-07-01 20:53:44 - CartController initialized for logged-in users
2025-07-01 20:54:45 - CartController initialized for logged-in users
2025-07-01 20:54:50 - CartController initialized for logged-in users
2025-07-01 20:56:26 - CartController initialized for logged-in users
2025-07-01 22:09:16 - CartController initialized for logged-in users
2025-07-01 22:09:20 - CartController initialized for logged-in users
2025-07-01 22:09:34 - CartController initialized for logged-in users
2025-07-01 22:09:58 - CartController initialized for logged-in users
2025-07-01 22:32:29 - CartController initialized for logged-in users
2025-07-01 23:17:05 - CartController initialized for logged-in users
2025-07-02 12:19:36 - CartController initialized for logged-in users
2025-07-02 12:21:01 - CartController initialized for logged-in users
2025-07-02 12:28:24 - CartController initialized for logged-in users
2025-07-02 12:28:29 - CartController initialized for logged-in users
2025-07-02 12:29:36 - CartController initialized for logged-in users
2025-07-02 12:35:37 - CartController initialized for logged-in users
2025-07-02 12:38:37 - CartController initialized for logged-in users
2025-07-02 12:42:01 - CartController initialized for logged-in users
2025-07-02 13:06:54 - CartController initialized for logged-in users
2025-07-02 13:06:54 - addToCart - Start - Data: {"product_id":1,"quantity":1,"user_id":7}
2025-07-02 15:47:34 - CartController initialized for logged-in users
<<<<<<< HEAD
2025-07-02 18:50:19 - CartController initialized for logged-in users
2025-07-02 18:55:51 - CartController initialized for logged-in users
2025-07-02 18:55:52 - CartController initialized for logged-in users
2025-07-02 18:57:48 - CartController initialized for logged-in users
2025-07-02 18:57:50 - CartController initialized for logged-in users
2025-07-02 18:58:16 - CartController initialized for logged-in users
2025-07-02 18:58:17 - CartController initialized for logged-in users
2025-07-02 18:58:20 - CartController initialized for logged-in users
=======
2025-07-02 18:00:03 - CartController initialized for logged-in users
>>>>>>> 20b80d6be7b0e1f1a8d419bfc148ba17e30aee13
2025-07-02 19:10:29 - CartController initialized for logged-in users
2025-07-03 14:26:11 - CartController initialized for logged-in users
2025-07-03 14:26:16 - CartController initialized for logged-in users
2025-07-03 14:30:21 - CartController initialized for logged-in users
