[14-Jun-2025 21:56:56 Asia/Ho_Chi_Minh] PHP Warning:  Undefined variable $cartItems in C:\wamp64\www\Web_MuaBanDoCu\modules\payment\vnpay\create_payment.php on line 127
[14-Jun-2025 21:56:56 Asia/Ho_Chi_Minh] PHP Stack trace:
[14-Jun-2025 21:56:56 Asia/Ho_Chi_Minh] PHP   1. {main}() C:\wamp64\www\Web_MuaBanDoCu\modules\payment\vnpay\create_payment.php:0
[14-Jun-2025 21:56:56 Asia/Ho_Chi_Minh] PHP Fatal error:  Uncaught TypeError: count(): Argument #1 ($value) must be of type Countable|array, null given in C:\wamp64\www\Web_MuaBanDoCu\modules\payment\vnpay\create_payment.php:127
Stack trace:
#0 {main}
  thrown in C:\wamp64\www\Web_MuaBanDoCu\modules\payment\vnpay\create_payment.php on line 127
[14-Jun-2025 21:58:40 Asia/Ho_Chi_Minh] === DEBUG CREATE PAYMENT ===
[14-Jun-2025 21:58:40 Asia/Ho_Chi_Minh] User ID: 6
[14-Jun-2025 21:58:40 Asia/Ho_Chi_Minh] Cart Items: Array
(
    [0] => Array
        (
            [product_id] => 1
            [quantity] => 1
            [product_name] => iPhone 12 Pro Max Cũ
            [price] => 15000000
            [subtotal] => 15000000
        )

    [1] => Array
        (
            [product_id] => 2
            [quantity] => 1
            [product_name] => Macbook Pro 16 inch 2019
            [price] => 30000000
            [subtotal] => 30000000
        )

)

[14-Jun-2025 21:58:40 Asia/Ho_Chi_Minh] Cart Total: 45000000
[14-Jun-2025 21:58:40 Asia/Ho_Chi_Minh] Is array: YES
[14-Jun-2025 21:58:40 Asia/Ho_Chi_Minh] Creating order - User ID: 6, Cart items count: 2, Cart total: 45000000
[14-Jun-2025 21:58:40 Asia/Ho_Chi_Minh] Lỗi khi tạo đơn hàng cho user_id = 6: SQLSTATE[42S22]: Column not found: 1054 Unknown column 'shipping_address' in 'field list' | Dữ liệu POST: Array
(
    [txt_billing_fullname] => Nguyễn Hoàng Gia Thịnh
    [txt_billing_email] => nguyenthinhk52005@gmail.com
    [txt_billing_mobile] => 0945553902
    [txt_bill_city] => TP.HCM
    [txt_inv_addr1] => 81A, Đường Huỳnh Thị Hai, Phường Tân Chánh Hiệp, Quận 12
    [order_notes] => 
    [order_id] => ORDER_20250614215651_4037
    [order_type] => billpayment
    [amount] => 45000000
    [order_desc] => Thanh toan don hang tu Web Mua Ban Do Cu
    [bank_code] => 
    [language] => vn
    [txtexpire] => 
    [txt_bill_country] => VN
    [txt_bill_state] => 
    [txt_inv_mobile] => 0945553902
    [txt_inv_email] => nguyenthinhk52005@gmail.com
    [txt_inv_customer] => Nguyễn Hoàng Gia Thịnh
    [txt_inv_company] => 
    [txt_inv_taxcode] => 
    [cbo_inv_type] => I
    [redirect] => 1
    [payment_method] => vnpay
)

[14-Jun-2025 21:58:51 Asia/Ho_Chi_Minh] === DEBUG CREATE PAYMENT ===
[14-Jun-2025 21:58:51 Asia/Ho_Chi_Minh] User ID: 6
[14-Jun-2025 21:58:51 Asia/Ho_Chi_Minh] Cart Items: Array
(
    [0] => Array
        (
            [product_id] => 1
            [quantity] => 1
            [product_name] => iPhone 12 Pro Max Cũ
            [price] => 15000000
            [subtotal] => 15000000
        )

    [1] => Array
        (
            [product_id] => 2
            [quantity] => 1
            [product_name] => Macbook Pro 16 inch 2019
            [price] => 30000000
            [subtotal] => 30000000
        )

)

[14-Jun-2025 21:58:51 Asia/Ho_Chi_Minh] Cart Total: 45000000
[14-Jun-2025 21:58:51 Asia/Ho_Chi_Minh] Is array: YES
[14-Jun-2025 21:58:51 Asia/Ho_Chi_Minh] Creating order - User ID: 6, Cart items count: 2, Cart total: 45000000
[14-Jun-2025 21:58:51 Asia/Ho_Chi_Minh] Lỗi khi tạo đơn hàng cho user_id = 6: SQLSTATE[42S22]: Column not found: 1054 Unknown column 'shipping_address' in 'field list' | Dữ liệu POST: Array
(
    [txt_billing_fullname] => Nguyễn Hoàng Gia Thịnh
    [txt_billing_email] => nguyenthinhk52005@gmail.com
    [txt_billing_mobile] => 0945553902
    [txt_bill_city] => TP.HCM
    [txt_inv_addr1] => 81A, Đường Huỳnh Thị Hai, Phường Tân Chánh Hiệp, Quận 12
    [order_notes] => 
    [order_id] => ORDER_20250614215846_8739
    [order_type] => billpayment
    [amount] => 45000000
    [order_desc] => Thanh toan don hang tu Web Mua Ban Do Cu
    [bank_code] => 
    [language] => vn
    [txtexpire] => 
    [txt_bill_country] => VN
    [txt_bill_state] => 
    [txt_inv_mobile] => 0945553902
    [txt_inv_email] => nguyenthinhk52005@gmail.com
    [txt_inv_customer] => Nguyễn Hoàng Gia Thịnh
    [txt_inv_company] => 
    [txt_inv_taxcode] => 
    [cbo_inv_type] => I
    [redirect] => 1
    [payment_method] => vnpay
)

[14-Jun-2025 21:59:18 Asia/Ho_Chi_Minh] === DEBUG CREATE PAYMENT ===
[14-Jun-2025 21:59:18 Asia/Ho_Chi_Minh] User ID: 6
[14-Jun-2025 21:59:18 Asia/Ho_Chi_Minh] Cart Items: Array
(
    [0] => Array
        (
            [product_id] => 1
            [quantity] => 1
            [product_name] => iPhone 12 Pro Max Cũ
            [price] => 15000000
            [subtotal] => 15000000
        )

)

[14-Jun-2025 21:59:18 Asia/Ho_Chi_Minh] Cart Total: 15000000
[14-Jun-2025 21:59:18 Asia/Ho_Chi_Minh] Is array: YES
[14-Jun-2025 21:59:18 Asia/Ho_Chi_Minh] Creating order - User ID: 6, Cart items count: 1, Cart total: 15000000
[14-Jun-2025 21:59:18 Asia/Ho_Chi_Minh] Lỗi khi tạo đơn hàng cho user_id = 6: SQLSTATE[42S22]: Column not found: 1054 Unknown column 'shipping_address' in 'field list' | Dữ liệu POST: Array
(
    [txt_billing_fullname] => Nguyễn Hoàng Gia Thịnh
    [txt_billing_email] => nguyenthinhk52005@gmail.com
    [txt_billing_mobile] => 0945553902
    [txt_bill_city] => TP.HCM
    [txt_inv_addr1] => 81A, Đường Huỳnh Thị Hai, Phường Tân Chánh Hiệp, Quận 12
    [order_notes] => 
    [order_id] => ORDER_20250614215914_1293
    [order_type] => billpayment
    [amount] => 15000000
    [order_desc] => Thanh toan don hang tu Web Mua Ban Do Cu
    [bank_code] => 
    [language] => vn
    [txtexpire] => 
    [txt_bill_country] => VN
    [txt_bill_state] => 
    [txt_inv_mobile] => 0945553902
    [txt_inv_email] => nguyenthinhk52005@gmail.com
    [txt_inv_customer] => Nguyễn Hoàng Gia Thịnh
    [txt_inv_company] => 
    [txt_inv_taxcode] => 
    [cbo_inv_type] => I
    [redirect] => 1
    [payment_method] => vnpay
)

[14-Jun-2025 22:01:55 Asia/Ho_Chi_Minh] === DEBUG CREATE PAYMENT ===
[14-Jun-2025 22:01:55 Asia/Ho_Chi_Minh] User ID: 6
[14-Jun-2025 22:01:55 Asia/Ho_Chi_Minh] Cart Items: Array
(
    [0] => Array
        (
            [product_id] => 1
            [quantity] => 1
            [product_name] => iPhone 12 Pro Max Cũ
            [price] => 15000000
            [subtotal] => 15000000
        )

)

[14-Jun-2025 22:01:55 Asia/Ho_Chi_Minh] Cart Total: 15000000
[14-Jun-2025 22:01:55 Asia/Ho_Chi_Minh] Is array: YES
[14-Jun-2025 22:01:55 Asia/Ho_Chi_Minh] Creating order - User ID: 6, Cart items count: 1, Cart total: 15000000
[14-Jun-2025 22:01:55 Asia/Ho_Chi_Minh] Lỗi khi tạo đơn hàng cho user_id = 6: SQLSTATE[42S22]: Column not found: 1054 Unknown column 'shipping_address' in 'field list' | Dữ liệu POST: Array
(
    [txt_billing_fullname] => Nguyễn Hoàng Gia Thịnh
    [txt_billing_email] => nguyenthinhk52005@gmail.com
    [txt_billing_mobile] => 0945553902
    [txt_bill_city] => TP.HCM
    [txt_inv_addr1] => 81A, Đường Huỳnh Thị Hai, Phường Tân Chánh Hiệp, Quận 12
    [order_notes] => DẤDAD
    [order_id] => ORDER_20250614215919_5878
    [order_type] => billpayment
    [amount] => 15000000
    [order_desc] => Thanh toan don hang tu Web Mua Ban Do Cu
    [bank_code] => 
    [language] => vn
    [txtexpire] => 
    [txt_bill_country] => VN
    [txt_bill_state] => 
    [txt_inv_mobile] => 0945553902
    [txt_inv_email] => nguyenthinhk52005@gmail.com
    [txt_inv_customer] => Nguyễn Hoàng Gia Thịnh
    [txt_inv_company] => 
    [txt_inv_taxcode] => 
    [cbo_inv_type] => I
    [redirect] => 1
    [payment_method] => vnpay
)

[14-Jun-2025 22:04:44 Asia/Ho_Chi_Minh] === DEBUG CREATE PAYMENT ===
[14-Jun-2025 22:04:44 Asia/Ho_Chi_Minh] User ID: 6
[14-Jun-2025 22:04:44 Asia/Ho_Chi_Minh] Cart Items: Array
(
    [0] => Array
        (
            [product_id] => 1
            [quantity] => 1
            [product_name] => iPhone 12 Pro Max Cũ
            [price] => 15000000
            [subtotal] => 15000000
        )

)

[14-Jun-2025 22:04:44 Asia/Ho_Chi_Minh] Cart Total: 15000000
[14-Jun-2025 22:04:44 Asia/Ho_Chi_Minh] Is array: YES
[14-Jun-2025 22:04:44 Asia/Ho_Chi_Minh] Creating order - User ID: 6, Cart items count: 1, Cart total: 15000000
[14-Jun-2025 22:04:44 Asia/Ho_Chi_Minh] Lỗi khi tạo đơn hàng cho user_id = 6: SQLSTATE[42S22]: Column not found: 1054 Unknown column 'shipping_address' in 'field list' | Dữ liệu POST: Array
(
    [txt_billing_fullname] => Nguyễn Hoàng Gia Thịnh
    [txt_billing_email] => nguyenthinhk52005@gmail.com
    [txt_billing_mobile] => 0945553902
    [txt_bill_city] => TP.HCM
    [txt_inv_addr1] => 81A, Đường Huỳnh Thị Hai, Phường Tân Chánh Hiệp, Quận 12
    [order_notes] => 
    [order_id] => ORDER_20250614220411_1268
    [order_type] => billpayment
    [amount] => 15000000
    [order_desc] => Thanh toan don hang tu Web Mua Ban Do Cu
    [bank_code] => 
    [language] => vn
    [txtexpire] => 
    [txt_bill_country] => VN
    [txt_bill_state] => 
    [txt_inv_mobile] => 0945553902
    [txt_inv_email] => nguyenthinhk52005@gmail.com
    [txt_inv_customer] => Nguyễn Hoàng Gia Thịnh
    [txt_inv_company] => 
    [txt_inv_taxcode] => 
    [cbo_inv_type] => I
    [redirect] => 1
    [payment_method] => vnpay
)

[14-Jun-2025 22:07:27 Asia/Ho_Chi_Minh] === DEBUG CREATE PAYMENT ===
[14-Jun-2025 22:07:27 Asia/Ho_Chi_Minh] User ID: 6
[14-Jun-2025 22:07:27 Asia/Ho_Chi_Minh] Cart Items: Array
(
    [0] => Array
        (
            [product_id] => 1
            [quantity] => 1
            [product_name] => iPhone 12 Pro Max Cũ
            [price] => 15000000
            [subtotal] => 15000000
        )

)

[14-Jun-2025 22:07:27 Asia/Ho_Chi_Minh] Cart Total: 15000000
[14-Jun-2025 22:07:27 Asia/Ho_Chi_Minh] Is array: YES
[14-Jun-2025 22:07:27 Asia/Ho_Chi_Minh] Creating order - User ID: 6, Cart items count: 1, Cart total: 15000000
[14-Jun-2025 22:07:27 Asia/Ho_Chi_Minh] Lỗi khi tạo đơn hàng cho user_id = 6: SQLSTATE[42S22]: Column not found: 1054 Unknown column 'shipping_address' in 'field list' | Dữ liệu POST: Array
(
    [txt_billing_fullname] => Nguyễn Hoàng Gia Thịnh
    [txt_billing_email] => nguyenthinhk52005@gmail.com
    [txt_billing_mobile] => 0945553902
    [txt_bill_city] => TP.HCM
    [txt_inv_addr1] => adasdas
asdasf
    [order_notes] => 
    [order_id] => ORDER_20250614220720_8446
    [order_type] => billpayment
    [amount] => 15000000
    [order_desc] => Thanh toan don hang tu Web Mua Ban Do Cu
    [bank_code] => 
    [language] => vn
    [txtexpire] => 
    [txt_bill_country] => VN
    [txt_bill_state] => 
    [txt_inv_mobile] => 0945553902
    [txt_inv_email] => nguyenthinhk52005@gmail.com
    [txt_inv_customer] => Nguyễn Hoàng Gia Thịnh
    [txt_inv_company] => 
    [txt_inv_taxcode] => 
    [cbo_inv_type] => I
    [redirect] => 1
    [payment_method] => vnpay
)

[14-Jun-2025 22:07:34 Asia/Ho_Chi_Minh] === DEBUG CREATE PAYMENT ===
[14-Jun-2025 22:07:34 Asia/Ho_Chi_Minh] User ID: 6
[14-Jun-2025 22:07:34 Asia/Ho_Chi_Minh] Cart Items: Array
(
    [0] => Array
        (
            [product_id] => 1
            [quantity] => 1
            [product_name] => iPhone 12 Pro Max Cũ
            [price] => 15000000
            [subtotal] => 15000000
        )

)

[14-Jun-2025 22:07:34 Asia/Ho_Chi_Minh] Cart Total: 15000000
[14-Jun-2025 22:07:34 Asia/Ho_Chi_Minh] Is array: YES
[14-Jun-2025 22:07:34 Asia/Ho_Chi_Minh] Creating order - User ID: 6, Cart items count: 1, Cart total: 15000000
[14-Jun-2025 22:07:34 Asia/Ho_Chi_Minh] Lỗi khi tạo đơn hàng cho user_id = 6: SQLSTATE[42S22]: Column not found: 1054 Unknown column 'shipping_address' in 'field list' | Dữ liệu POST: Array
(
    [txt_billing_fullname] => Nguyễn Hoàng Gia Thịnh
    [txt_billing_email] => nguyenthinhk52005@gmail.com
    [txt_billing_mobile] => 0945553902
    [txt_bill_city] => TP.HCM
    [txt_inv_addr1] => 81A, Đường Huỳnh Thị Hai, Phường Tân Chánh Hiệp, Quận 12
    [order_notes] => 
    [order_id] => ORDER_20250614220729_4883
    [order_type] => billpayment
    [amount] => 15000000
    [order_desc] => Thanh toan don hang tu Web Mua Ban Do Cu
    [bank_code] => 
    [language] => vn
    [txtexpire] => 
    [txt_bill_country] => VN
    [txt_bill_state] => 
    [txt_inv_mobile] => 0945553902
    [txt_inv_email] => nguyenthinhk52005@gmail.com
    [txt_inv_customer] => Nguyễn Hoàng Gia Thịnh
    [txt_inv_company] => 
    [txt_inv_taxcode] => 
    [cbo_inv_type] => I
    [redirect] => 1
    [payment_method] => vnpay
)

[14-Jun-2025 22:08:27 Asia/Ho_Chi_Minh] === DEBUG CREATE PAYMENT ===
[14-Jun-2025 22:08:27 Asia/Ho_Chi_Minh] User ID: 6
[14-Jun-2025 22:08:27 Asia/Ho_Chi_Minh] Cart Items: Array
(
    [0] => Array
        (
            [product_id] => 1
            [quantity] => 1
            [product_name] => iPhone 12 Pro Max Cũ
            [price] => 15000000
            [subtotal] => 15000000
        )

)

[14-Jun-2025 22:08:27 Asia/Ho_Chi_Minh] Cart Total: 15000000
[14-Jun-2025 22:08:27 Asia/Ho_Chi_Minh] Is array: YES
[14-Jun-2025 22:08:27 Asia/Ho_Chi_Minh] Creating order - User ID: 6, Cart items count: 1, Cart total: 15000000
[14-Jun-2025 22:08:27 Asia/Ho_Chi_Minh] Lỗi khi tạo đơn hàng cho user_id = 6: SQLSTATE[42S22]: Column not found: 1054 Unknown column 'shipping_address' in 'field list' | Dữ liệu POST: Array
(
    [txt_billing_fullname] => Nguyễn Hoàng Gia Thịnh
    [txt_billing_email] => nguyenthinhk52005@gmail.com
    [txt_billing_mobile] => 0945553902
    [txt_bill_city] => TP.HCM
    [txt_inv_addr1] => 81A, Đường Huỳnh Thị Hai, Phường Tân Chánh Hiệp, Quận 12
    [order_notes] => 
    [order_id] => ORDER_20250614220812_6256
    [order_type] => billpayment
    [amount] => 15000000
    [order_desc] => Thanh toan don hang tu Web Mua Ban Do Cu
    [bank_code] => 
    [language] => vn
    [txtexpire] => 
    [txt_bill_country] => VN
    [txt_bill_state] => 
    [txt_inv_mobile] => 0945553902
    [txt_inv_email] => nguyenthinhk52005@gmail.com
    [txt_inv_customer] => Nguyễn Hoàng Gia Thịnh
    [txt_inv_company] => 
    [txt_inv_taxcode] => 
    [cbo_inv_type] => I
    [redirect] => 1
    [payment_method] => vnpay
)

[14-Jun-2025 22:17:06 Asia/Ho_Chi_Minh] === DEBUG CREATE PAYMENT ===
[14-Jun-2025 22:17:06 Asia/Ho_Chi_Minh] User ID: 6
[14-Jun-2025 22:17:06 Asia/Ho_Chi_Minh] Cart Items: Array
(
    [0] => Array
        (
            [product_id] => 1
            [quantity] => 1
            [product_name] => iPhone 12 Pro Max Cũ
            [price] => 15000000
            [subtotal] => 15000000
        )

)

[14-Jun-2025 22:17:06 Asia/Ho_Chi_Minh] Cart Total: 15000000
[14-Jun-2025 22:17:06 Asia/Ho_Chi_Minh] Is array: YES
[14-Jun-2025 22:17:06 Asia/Ho_Chi_Minh] Creating order - User ID: 6, Cart items count: 1, Cart total: 15000000
[14-Jun-2025 22:17:06 Asia/Ho_Chi_Minh] Lỗi khi tạo đơn hàng cho user_id = 6: SQLSTATE[42S22]: Column not found: 1054 Unknown column 'shipping_address' in 'field list' | Dữ liệu POST: Array
(
    [txt_billing_fullname] => Nguyễn Hoàng Gia Thịnh
    [txt_billing_email] => nguyenthinhk52005@gmail.com
    [txt_billing_mobile] => 0945553902
    [txt_bill_city] => TP.HCM
    [txt_inv_addr1] => adasdas
asdasf
    [order_notes] => kjggfujghhvjhhjv
    [order_id] => ORDER_20250614221636_8969
    [order_type] => billpayment
    [amount] => 15000000
    [order_desc] => Thanh toan don hang tu Web Mua Ban Do Cu
    [bank_code] => 
    [language] => vn
    [txtexpire] => 
    [txt_bill_country] => VN
    [txt_bill_state] => 
    [txt_inv_mobile] => 0945553902
    [txt_inv_email] => nguyenthinhk52005@gmail.com
    [txt_inv_customer] => Nguyễn Hoàng Gia Thịnh
    [txt_inv_company] => 
    [txt_inv_taxcode] => 
    [cbo_inv_type] => I
    [redirect] => 1
    [payment_method] => vnpay
)

[14-Jun-2025 22:21:07 Asia/Ho_Chi_Minh] === DEBUG CREATE PAYMENT ===
[14-Jun-2025 22:21:07 Asia/Ho_Chi_Minh] User ID: 6
[14-Jun-2025 22:21:07 Asia/Ho_Chi_Minh] Cart Items: Array
(
    [0] => Array
        (
            [product_id] => 1
            [quantity] => 1
            [product_name] => iPhone 12 Pro Max Cũ
            [price] => 15000000
            [subtotal] => 15000000
        )

)

[14-Jun-2025 22:21:07 Asia/Ho_Chi_Minh] Cart Total: 15000000
[14-Jun-2025 22:21:07 Asia/Ho_Chi_Minh] Is array: YES
[14-Jun-2025 22:21:07 Asia/Ho_Chi_Minh] Creating order - User ID: 6, Cart items count: 1, Cart total: 15000000
[14-Jun-2025 22:21:07 Asia/Ho_Chi_Minh] Lỗi khi tạo đơn hàng cho user_id = 6: SQLSTATE[42S22]: Column not found: 1054 Unknown column 'shipping_address' in 'field list' | Dữ liệu POST: Array
(
    [txt_billing_fullname] => Nguyễn Hoàng Gia Thịnh
    [txt_billing_email] => nguyenthinhk52005@gmail.com
    [txt_billing_mobile] => 0945553902
    [txt_bill_city] => TP.HCM
    [txt_inv_addr1] => aaaaaaa
1ssssss
    [order_notes] => 
    [order_id] => ORDER_20250614222054_6686
    [order_type] => billpayment
    [amount] => 15000000
    [order_desc] => Thanh toan don hang tu Web Mua Ban Do Cu
    [bank_code] => 
    [language] => vn
    [txtexpire] => 
    [txt_bill_country] => VN
    [txt_bill_state] => 
    [txt_inv_mobile] => 0945553902
    [txt_inv_email] => nguyenthinhk52005@gmail.com
    [txt_inv_customer] => Nguyễn Hoàng Gia Thịnh
    [txt_inv_company] => 
    [txt_inv_taxcode] => 
    [cbo_inv_type] => I
    [redirect] => 1
    [payment_method] => vnpay
)

---------------------------------------------------------------------
Timestamp: 2025-06-15 19:03:07
Stage: CREATE_PAYMENT - BEFORE HASH
Data:
Array
(
    [vnp_Version] => 2.1.0
    [vnp_TmnCode] => JX3I05QJ
    [vnp_Amount] => 1850000000
    [vnp_Command] => pay
    [vnp_CreateDate] => 20250615190307
    [vnp_CurrCode] => VND
    [vnp_IpAddr] => ::1
    [vnp_Locale] => vn
    [vnp_OrderInfo] => Thanh toan don hang tu Web Mua Ban Do Cu
    [vnp_OrderType] => billpayment
    [vnp_ReturnUrl] => http://localhost/WebMuaBanDoCu/modules/payment/vnpay/return.php
    [vnp_TxnRef] => ORDER_20250615190205_6298
    [vnp_Bill_Mobile] => 0945553902
    [vnp_Bill_Email] => nguyenthinhk52005@gmail.com
    [vnp_Bill_FirstName] => Nguyễn
    [vnp_Bill_LastName] => Thịnh
    [vnp_Bill_Address] => aaaaaaa
1ssssss
    [vnp_Bill_City] => TP.HCM
    [vnp_Bill_Country] => VN
    [vnp_TmnCode_from_config] => JX3I05QJ
    [vnp_HashSecret_from_config_partial] => NOTK7...V4V39
    [vnp_Url_from_config] => https://sandbox.vnpayment.vn/paymentv2/vpcpay.html
    [vnp_ReturnUrl_from_config] => http://localhost/WebMuaBanDoCu/modules/payment/vnpay/return.php
)

---------------------------------------------------------------------

---------------------------------------------------------------------
Timestamp: 2025-06-15 19:03:07
Stage: CREATE_PAYMENT - AFTER HASH
Data:
Array
(
    [vnp_Url_base] => https://sandbox.vnpayment.vn/paymentv2/vpcpay.html
    [query_params_string] => vnp_Amount=1850000000&vnp_Bill_Address=aaaaaaa%0D%0A1ssssss&vnp_Bill_City=TP.HCM&vnp_Bill_Country=VN&vnp_Bill_Email=nguyenthinhk52005%40gmail.com&vnp_Bill_FirstName=Nguy%E1%BB%85n&vnp_Bill_LastName=Th%E1%BB%8Bnh&vnp_Bill_Mobile=0945553902&vnp_Command=pay&vnp_CreateDate=20250615190307&vnp_CurrCode=VND&vnp_IpAddr=%3A%3A1&vnp_Locale=vn&vnp_OrderInfo=Thanh+toan+don+hang+tu+Web+Mua+Ban+Do+Cu&vnp_OrderType=billpayment&vnp_ReturnUrl=http%3A%2F%2Flocalhost%2FWebMuaBanDoCu%2Fmodules%2Fpayment%2Fvnpay%2Freturn.php&vnp_TmnCode=JX3I05QJ&vnp_TxnRef=ORDER_20250615190205_6298&vnp_Version=2.1.0
    [final_vnp_Url_to_redirect] => https://sandbox.vnpayment.vn/paymentv2/vpcpay.html?vnp_Amount=1850000000&vnp_Bill_Address=aaaaaaa%0D%0A1ssssss&vnp_Bill_City=TP.HCM&vnp_Bill_Country=VN&vnp_Bill_Email=nguyenthinhk52005%40gmail.com&vnp_Bill_FirstName=Nguy%E1%BB%85n&vnp_Bill_LastName=Th%E1%BB%8Bnh&vnp_Bill_Mobile=0945553902&vnp_Command=pay&vnp_CreateDate=20250615190307&vnp_CurrCode=VND&vnp_IpAddr=%3A%3A1&vnp_Locale=vn&vnp_OrderInfo=Thanh+toan+don+hang+tu+Web+Mua+Ban+Do+Cu&vnp_OrderType=billpayment&vnp_ReturnUrl=http%3A%2F%2Flocalhost%2FWebMuaBanDoCu%2Fmodules%2Fpayment%2Fvnpay%2Freturn.php&vnp_TmnCode=JX3I05QJ&vnp_TxnRef=ORDER_20250615190205_6298&vnp_Version=2.1.0&vnp_SecureHash=8b924da822df4c627c862ad41535ad9f33ad14e8daa62209882c011e8398c2037febc59a3e0c150ae1ef19665ad4416cd698d8627dd570b5dbe6d901de1c2b04
    [vnp_TmnCode_used] => JX3I05QJ
    [vnp_HashSecret_used_partial] => NOTK7...V4V39
)

String to Hash: [vnp_Amount=1850000000&vnp_Bill_Address=aaaaaaa%0D%0A1ssssss&vnp_Bill_City=TP.HCM&vnp_Bill_Country=VN&vnp_Bill_Email=nguyenthinhk52005%40gmail.com&vnp_Bill_FirstName=Nguy%E1%BB%85n&vnp_Bill_LastName=Th%E1%BB%8Bnh&vnp_Bill_Mobile=0945553902&vnp_Command=pay&vnp_CreateDate=20250615190307&vnp_CurrCode=VND&vnp_IpAddr=%3A%3A1&vnp_Locale=vn&vnp_OrderInfo=Thanh+toan+don+hang+tu+Web+Mua+Ban+Do+Cu&vnp_OrderType=billpayment&vnp_ReturnUrl=http%3A%2F%2Flocalhost%2FWebMuaBanDoCu%2Fmodules%2Fpayment%2Fvnpay%2Freturn.php&vnp_TmnCode=JX3I05QJ&vnp_TxnRef=ORDER_20250615190205_6298&vnp_Version=2.1.0]
Calculated Hash: [8b924da822df4c627c862ad41535ad9f33ad14e8daa62209882c011e8398c2037febc59a3e0c150ae1ef19665ad4416cd698d8627dd570b5dbe6d901de1c2b04]
---------------------------------------------------------------------

---------------------------------------------------------------------
Timestamp: 2025-06-15 19:04:43
Stage: CREATE_PAYMENT - BEFORE HASH
Data:
Array
(
    [vnp_Version] => 2.1.0
    [vnp_TmnCode] => X4DCQ1UX
    [vnp_Amount] => 1850000000
    [vnp_Command] => pay
    [vnp_CreateDate] => 20250615190443
    [vnp_CurrCode] => VND
    [vnp_IpAddr] => ::1
    [vnp_Locale] => vn
    [vnp_OrderInfo] => Thanh toan don hang tu Web Mua Ban Do Cu
    [vnp_OrderType] => billpayment
    [vnp_ReturnUrl] => http://localhost/WebMuaBanDoCu/modules/payment/vnpay/return.php
    [vnp_TxnRef] => ORDER_20250615190205_6298
    [vnp_Bill_Mobile] => 0945553902
    [vnp_Bill_Email] => nguyenthinhk52005@gmail.com
    [vnp_Bill_FirstName] => Nguyễn
    [vnp_Bill_LastName] => Thịnh
    [vnp_Bill_Address] => aaaaaaa
1ssssss
    [vnp_Bill_City] => TP.HCM
    [vnp_Bill_Country] => VN
    [vnp_TmnCode_from_config] => X4DCQ1UX
    [vnp_HashSecret_from_config_partial] => MPI8C...BYIFH
    [vnp_Url_from_config] => https://sandbox.vnpayment.vn/paymentv2/vpcpay.html
    [vnp_ReturnUrl_from_config] => http://localhost/WebMuaBanDoCu/modules/payment/vnpay/return.php
)

---------------------------------------------------------------------

---------------------------------------------------------------------
Timestamp: 2025-06-15 19:04:43
Stage: CREATE_PAYMENT - AFTER HASH
Data:
Array
(
    [vnp_Url_base] => https://sandbox.vnpayment.vn/paymentv2/vpcpay.html
    [query_params_string] => vnp_Amount=1850000000&vnp_Bill_Address=aaaaaaa%0D%0A1ssssss&vnp_Bill_City=TP.HCM&vnp_Bill_Country=VN&vnp_Bill_Email=nguyenthinhk52005%40gmail.com&vnp_Bill_FirstName=Nguy%E1%BB%85n&vnp_Bill_LastName=Th%E1%BB%8Bnh&vnp_Bill_Mobile=0945553902&vnp_Command=pay&vnp_CreateDate=20250615190443&vnp_CurrCode=VND&vnp_IpAddr=%3A%3A1&vnp_Locale=vn&vnp_OrderInfo=Thanh+toan+don+hang+tu+Web+Mua+Ban+Do+Cu&vnp_OrderType=billpayment&vnp_ReturnUrl=http%3A%2F%2Flocalhost%2FWebMuaBanDoCu%2Fmodules%2Fpayment%2Fvnpay%2Freturn.php&vnp_TmnCode=X4DCQ1UX&vnp_TxnRef=ORDER_20250615190205_6298&vnp_Version=2.1.0
    [final_vnp_Url_to_redirect] => https://sandbox.vnpayment.vn/paymentv2/vpcpay.html?vnp_Amount=1850000000&vnp_Bill_Address=aaaaaaa%0D%0A1ssssss&vnp_Bill_City=TP.HCM&vnp_Bill_Country=VN&vnp_Bill_Email=nguyenthinhk52005%40gmail.com&vnp_Bill_FirstName=Nguy%E1%BB%85n&vnp_Bill_LastName=Th%E1%BB%8Bnh&vnp_Bill_Mobile=0945553902&vnp_Command=pay&vnp_CreateDate=20250615190443&vnp_CurrCode=VND&vnp_IpAddr=%3A%3A1&vnp_Locale=vn&vnp_OrderInfo=Thanh+toan+don+hang+tu+Web+Mua+Ban+Do+Cu&vnp_OrderType=billpayment&vnp_ReturnUrl=http%3A%2F%2Flocalhost%2FWebMuaBanDoCu%2Fmodules%2Fpayment%2Fvnpay%2Freturn.php&vnp_TmnCode=X4DCQ1UX&vnp_TxnRef=ORDER_20250615190205_6298&vnp_Version=2.1.0&vnp_SecureHash=4969c1554267199706b8c52af6d641580bbfc6c8492a1c45b7feb54402bf482477ea11b00e126e99671915106692886c710c6677888c6a8d7a34c68ecf63c380
    [vnp_TmnCode_used] => X4DCQ1UX
    [vnp_HashSecret_used_partial] => MPI8C...BYIFH
)

String to Hash: [vnp_Amount=1850000000&vnp_Bill_Address=aaaaaaa%0D%0A1ssssss&vnp_Bill_City=TP.HCM&vnp_Bill_Country=VN&vnp_Bill_Email=nguyenthinhk52005%40gmail.com&vnp_Bill_FirstName=Nguy%E1%BB%85n&vnp_Bill_LastName=Th%E1%BB%8Bnh&vnp_Bill_Mobile=0945553902&vnp_Command=pay&vnp_CreateDate=20250615190443&vnp_CurrCode=VND&vnp_IpAddr=%3A%3A1&vnp_Locale=vn&vnp_OrderInfo=Thanh+toan+don+hang+tu+Web+Mua+Ban+Do+Cu&vnp_OrderType=billpayment&vnp_ReturnUrl=http%3A%2F%2Flocalhost%2FWebMuaBanDoCu%2Fmodules%2Fpayment%2Fvnpay%2Freturn.php&vnp_TmnCode=X4DCQ1UX&vnp_TxnRef=ORDER_20250615190205_6298&vnp_Version=2.1.0]
Calculated Hash: [4969c1554267199706b8c52af6d641580bbfc6c8492a1c45b7feb54402bf482477ea11b00e126e99671915106692886c710c6677888c6a8d7a34c68ecf63c380]
---------------------------------------------------------------------

---------------------------------------------------------------------
Timestamp: 2025-06-15 19:04:43
Stage: CREATE_PAYMENT - ORDER CREATION FAILED
Data:
Array
(
    [error] => SQLSTATE[23000]: Integrity constraint violation: 1062 Duplicate entry 'ORDER_20250615190205_6298' for key 'orders.order_number'
    [post_data] => Array
        (
            [txt_billing_fullname] => Nguyễn Hoàng Gia Thịnh
            [txt_billing_email] => nguyenthinhk52005@gmail.com
            [txt_billing_mobile] => 0945553902
            [txt_bill_city] => TP.HCM
            [txt_inv_addr1] => aaaaaaa
1ssssss
            [order_notes] => 
            [order_id] => ORDER_20250615190205_6298
            [order_type] => billpayment
            [amount] => 18500000
            [order_desc] => Thanh toan don hang tu Web Mua Ban Do Cu
            [bank_code] => 
            [language] => vn
            [txtexpire] => 
            [txt_bill_country] => VN
            [txt_bill_state] => 
            [txt_inv_mobile] => 0945553902
            [txt_inv_email] => nguyenthinhk52005@gmail.com
            [txt_inv_customer] => Nguyễn Hoàng Gia Thịnh
            [txt_inv_company] => 
            [txt_inv_taxcode] => 
            [cbo_inv_type] => I
            [redirect] => 1
            [payment_method] => vnpay
        )

)

---------------------------------------------------------------------

---------------------------------------------------------------------
Timestamp: 2025-06-15 19:05:05
Stage: CREATE_PAYMENT - BEFORE HASH
Data:
Array
(
    [vnp_Version] => 2.1.0
    [vnp_TmnCode] => X4DCQ1UX
    [vnp_Amount] => 2090000000
    [vnp_Command] => pay
    [vnp_CreateDate] => 20250615190505
    [vnp_CurrCode] => VND
    [vnp_IpAddr] => ::1
    [vnp_Locale] => vn
    [vnp_OrderInfo] => Thanh toan don hang tu Web Mua Ban Do Cu
    [vnp_OrderType] => billpayment
    [vnp_ReturnUrl] => http://localhost/WebMuaBanDoCu/modules/payment/vnpay/return.php
    [vnp_TxnRef] => ORDER_20250615190459_7432
    [vnp_Bill_Mobile] => 0945553902
    [vnp_Bill_Email] => nguyenthinhk52005@gmail.com
    [vnp_Bill_FirstName] => Nguyễn
    [vnp_Bill_LastName] => Thịnh
    [vnp_Bill_Address] => 81A, Đường Huỳnh Thị Hai, Phường Tân Chánh Hiệp, Quận 12
    [vnp_Bill_City] => TP.HCM
    [vnp_Bill_Country] => VN
    [vnp_TmnCode_from_config] => X4DCQ1UX
    [vnp_HashSecret_from_config_partial] => MPI8C...BYIFH
    [vnp_Url_from_config] => https://sandbox.vnpayment.vn/paymentv2/vpcpay.html
    [vnp_ReturnUrl_from_config] => http://localhost/WebMuaBanDoCu/modules/payment/vnpay/return.php
)

---------------------------------------------------------------------

---------------------------------------------------------------------
Timestamp: 2025-06-15 19:05:05
Stage: CREATE_PAYMENT - AFTER HASH
Data:
Array
(
    [vnp_Url_base] => https://sandbox.vnpayment.vn/paymentv2/vpcpay.html
    [query_params_string] => vnp_Amount=2090000000&vnp_Bill_Address=81A%2C+%C4%90%C6%B0%E1%BB%9Dng+Hu%E1%BB%B3nh+Th%E1%BB%8B+Hai%2C+Ph%C6%B0%E1%BB%9Dng+T%C3%A2n+Ch%C3%A1nh+Hi%E1%BB%87p%2C+Qu%E1%BA%ADn+12&vnp_Bill_City=TP.HCM&vnp_Bill_Country=VN&vnp_Bill_Email=nguyenthinhk52005%40gmail.com&vnp_Bill_FirstName=Nguy%E1%BB%85n&vnp_Bill_LastName=Th%E1%BB%8Bnh&vnp_Bill_Mobile=0945553902&vnp_Command=pay&vnp_CreateDate=20250615190505&vnp_CurrCode=VND&vnp_IpAddr=%3A%3A1&vnp_Locale=vn&vnp_OrderInfo=Thanh+toan+don+hang+tu+Web+Mua+Ban+Do+Cu&vnp_OrderType=billpayment&vnp_ReturnUrl=http%3A%2F%2Flocalhost%2FWebMuaBanDoCu%2Fmodules%2Fpayment%2Fvnpay%2Freturn.php&vnp_TmnCode=X4DCQ1UX&vnp_TxnRef=ORDER_20250615190459_7432&vnp_Version=2.1.0
    [final_vnp_Url_to_redirect] => https://sandbox.vnpayment.vn/paymentv2/vpcpay.html?vnp_Amount=2090000000&vnp_Bill_Address=81A%2C+%C4%90%C6%B0%E1%BB%9Dng+Hu%E1%BB%B3nh+Th%E1%BB%8B+Hai%2C+Ph%C6%B0%E1%BB%9Dng+T%C3%A2n+Ch%C3%A1nh+Hi%E1%BB%87p%2C+Qu%E1%BA%ADn+12&vnp_Bill_City=TP.HCM&vnp_Bill_Country=VN&vnp_Bill_Email=nguyenthinhk52005%40gmail.com&vnp_Bill_FirstName=Nguy%E1%BB%85n&vnp_Bill_LastName=Th%E1%BB%8Bnh&vnp_Bill_Mobile=0945553902&vnp_Command=pay&vnp_CreateDate=20250615190505&vnp_CurrCode=VND&vnp_IpAddr=%3A%3A1&vnp_Locale=vn&vnp_OrderInfo=Thanh+toan+don+hang+tu+Web+Mua+Ban+Do+Cu&vnp_OrderType=billpayment&vnp_ReturnUrl=http%3A%2F%2Flocalhost%2FWebMuaBanDoCu%2Fmodules%2Fpayment%2Fvnpay%2Freturn.php&vnp_TmnCode=X4DCQ1UX&vnp_TxnRef=ORDER_20250615190459_7432&vnp_Version=2.1.0&vnp_SecureHash=4edc9f6057dd93b9050b786669b52e7330c529b2d00c2f2d61cac94e185581dfd394aeddec9a5725dd7aff0cbac000ef2d4d25890fb3d5e56c1524c2e3b6051a
    [vnp_TmnCode_used] => X4DCQ1UX
    [vnp_HashSecret_used_partial] => MPI8C...BYIFH
)

String to Hash: [vnp_Amount=2090000000&vnp_Bill_Address=81A%2C+%C4%90%C6%B0%E1%BB%9Dng+Hu%E1%BB%B3nh+Th%E1%BB%8B+Hai%2C+Ph%C6%B0%E1%BB%9Dng+T%C3%A2n+Ch%C3%A1nh+Hi%E1%BB%87p%2C+Qu%E1%BA%ADn+12&vnp_Bill_City=TP.HCM&vnp_Bill_Country=VN&vnp_Bill_Email=nguyenthinhk52005%40gmail.com&vnp_Bill_FirstName=Nguy%E1%BB%85n&vnp_Bill_LastName=Th%E1%BB%8Bnh&vnp_Bill_Mobile=0945553902&vnp_Command=pay&vnp_CreateDate=20250615190505&vnp_CurrCode=VND&vnp_IpAddr=%3A%3A1&vnp_Locale=vn&vnp_OrderInfo=Thanh+toan+don+hang+tu+Web+Mua+Ban+Do+Cu&vnp_OrderType=billpayment&vnp_ReturnUrl=http%3A%2F%2Flocalhost%2FWebMuaBanDoCu%2Fmodules%2Fpayment%2Fvnpay%2Freturn.php&vnp_TmnCode=X4DCQ1UX&vnp_TxnRef=ORDER_20250615190459_7432&vnp_Version=2.1.0]
Calculated Hash: [4edc9f6057dd93b9050b786669b52e7330c529b2d00c2f2d61cac94e185581dfd394aeddec9a5725dd7aff0cbac000ef2d4d25890fb3d5e56c1524c2e3b6051a]
---------------------------------------------------------------------

---------------------------------------------------------------------
Timestamp: 2025-06-15 19:12:13
Stage: CREATE_PAYMENT - BEFORE HASH
Data:
Array
(
    [vnp_Version] => 2.1.0
    [vnp_TmnCode] => X4DCQ1UX
    [vnp_Amount] => 2090000000
    [vnp_Command] => pay
    [vnp_CreateDate] => 20250615191213
    [vnp_CurrCode] => VND
    [vnp_IpAddr] => ::1
    [vnp_Locale] => vn
    [vnp_OrderInfo] => Thanh toan don hang tu Web Mua Ban Do Cu
    [vnp_OrderType] => billpayment
    [vnp_ReturnUrl] => http://localhost/WebMuaBanDoCu/modules/payment/vnpay/return.php
    [vnp_TxnRef] => ORDER_20250615191206_7933
    [vnp_Bill_Mobile] => 0945553902
    [vnp_Bill_Email] => nguyenthinhk52005@gmail.com
    [vnp_Bill_FirstName] => Nguyễn
    [vnp_Bill_LastName] => Thịnh
    [vnp_Bill_Address] => 81A, Đường Huỳnh Thị Hai, Phường Tân Chánh Hiệp, Quận 12
    [vnp_Bill_City] => TP.HCM
    [vnp_Bill_Country] => VN
    [vnp_TmnCode_from_config] => X4DCQ1UX
    [vnp_HashSecret_from_config_partial] => MPI8C...BYIFH
    [vnp_Url_from_config] => https://sandbox.vnpayment.vn/paymentv2/vpcpay.html
    [vnp_ReturnUrl_from_config] => http://localhost/WebMuaBanDoCu/modules/payment/vnpay/return.php
)

---------------------------------------------------------------------

---------------------------------------------------------------------
Timestamp: 2025-06-15 19:12:13
Stage: CREATE_PAYMENT - AFTER HASH
Data:
Array
(
    [vnp_Url_base] => https://sandbox.vnpayment.vn/paymentv2/vpcpay.html
    [query_params_string] => vnp_Amount=2090000000&vnp_Bill_Address=81A%2C+%C4%90%C6%B0%E1%BB%9Dng+Hu%E1%BB%B3nh+Th%E1%BB%8B+Hai%2C+Ph%C6%B0%E1%BB%9Dng+T%C3%A2n+Ch%C3%A1nh+Hi%E1%BB%87p%2C+Qu%E1%BA%ADn+12&vnp_Bill_City=TP.HCM&vnp_Bill_Country=VN&vnp_Bill_Email=nguyenthinhk52005%40gmail.com&vnp_Bill_FirstName=Nguy%E1%BB%85n&vnp_Bill_LastName=Th%E1%BB%8Bnh&vnp_Bill_Mobile=0945553902&vnp_Command=pay&vnp_CreateDate=20250615191213&vnp_CurrCode=VND&vnp_IpAddr=%3A%3A1&vnp_Locale=vn&vnp_OrderInfo=Thanh+toan+don+hang+tu+Web+Mua+Ban+Do+Cu&vnp_OrderType=billpayment&vnp_ReturnUrl=http%3A%2F%2Flocalhost%2FWebMuaBanDoCu%2Fmodules%2Fpayment%2Fvnpay%2Freturn.php&vnp_TmnCode=X4DCQ1UX&vnp_TxnRef=ORDER_20250615191206_7933&vnp_Version=2.1.0
    [final_vnp_Url_to_redirect] => https://sandbox.vnpayment.vn/paymentv2/vpcpay.html?vnp_Amount=2090000000&vnp_Bill_Address=81A%2C+%C4%90%C6%B0%E1%BB%9Dng+Hu%E1%BB%B3nh+Th%E1%BB%8B+Hai%2C+Ph%C6%B0%E1%BB%9Dng+T%C3%A2n+Ch%C3%A1nh+Hi%E1%BB%87p%2C+Qu%E1%BA%ADn+12&vnp_Bill_City=TP.HCM&vnp_Bill_Country=VN&vnp_Bill_Email=nguyenthinhk52005%40gmail.com&vnp_Bill_FirstName=Nguy%E1%BB%85n&vnp_Bill_LastName=Th%E1%BB%8Bnh&vnp_Bill_Mobile=0945553902&vnp_Command=pay&vnp_CreateDate=20250615191213&vnp_CurrCode=VND&vnp_IpAddr=%3A%3A1&vnp_Locale=vn&vnp_OrderInfo=Thanh+toan+don+hang+tu+Web+Mua+Ban+Do+Cu&vnp_OrderType=billpayment&vnp_ReturnUrl=http%3A%2F%2Flocalhost%2FWebMuaBanDoCu%2Fmodules%2Fpayment%2Fvnpay%2Freturn.php&vnp_TmnCode=X4DCQ1UX&vnp_TxnRef=ORDER_20250615191206_7933&vnp_Version=2.1.0&vnp_SecureHash=867590b5490926bed9e9fba083391155835123be9591fc2e3ed20054fbf7e2a9975a988fbf63eaf5c23b6143fe8688c90172149e330b05167771b41a93514a0a
    [vnp_TmnCode_used] => X4DCQ1UX
    [vnp_HashSecret_used_partial] => MPI8C...BYIFH
)

String to Hash: [vnp_Amount=2090000000&vnp_Bill_Address=81A%2C+%C4%90%C6%B0%E1%BB%9Dng+Hu%E1%BB%B3nh+Th%E1%BB%8B+Hai%2C+Ph%C6%B0%E1%BB%9Dng+T%C3%A2n+Ch%C3%A1nh+Hi%E1%BB%87p%2C+Qu%E1%BA%ADn+12&vnp_Bill_City=TP.HCM&vnp_Bill_Country=VN&vnp_Bill_Email=nguyenthinhk52005%40gmail.com&vnp_Bill_FirstName=Nguy%E1%BB%85n&vnp_Bill_LastName=Th%E1%BB%8Bnh&vnp_Bill_Mobile=0945553902&vnp_Command=pay&vnp_CreateDate=20250615191213&vnp_CurrCode=VND&vnp_IpAddr=%3A%3A1&vnp_Locale=vn&vnp_OrderInfo=Thanh+toan+don+hang+tu+Web+Mua+Ban+Do+Cu&vnp_OrderType=billpayment&vnp_ReturnUrl=http%3A%2F%2Flocalhost%2FWebMuaBanDoCu%2Fmodules%2Fpayment%2Fvnpay%2Freturn.php&vnp_TmnCode=X4DCQ1UX&vnp_TxnRef=ORDER_20250615191206_7933&vnp_Version=2.1.0]
Calculated Hash: [867590b5490926bed9e9fba083391155835123be9591fc2e3ed20054fbf7e2a9975a988fbf63eaf5c23b6143fe8688c90172149e330b05167771b41a93514a0a]
---------------------------------------------------------------------

---------------------------------------------------------------------
Timestamp: 2025-06-15 19:17:12
Stage: CREATE_PAYMENT - BEFORE HASH
Data:
Array
(
    [vnp_Version] => 2.1.0
    [vnp_TmnCode] => X4DCQ1UX
    [vnp_Amount] => 3940000000
    [vnp_Command] => pay
    [vnp_CreateDate] => 20250615191712
    [vnp_CurrCode] => VND
    [vnp_IpAddr] => ::1
    [vnp_Locale] => vn
    [vnp_OrderInfo] => Thanh toan don hang tu Web Mua Ban Do Cu
    [vnp_OrderType] => billpayment
    [vnp_ReturnUrl] => http://localhost/WebMuaBanDoCu/modules/payment/vnpay/return.php
    [vnp_TxnRef] => ORDER_20250615191706_3728
    [vnp_Bill_Mobile] => 0945553902
    [vnp_Bill_Email] => nguyenthinhk52005@gmail.com
    [vnp_Bill_FirstName] => Nguyễn
    [vnp_Bill_LastName] => Thịnh
    [vnp_Bill_Address] => 81A, Đường Huỳnh Thị Hai, Phường Tân Chánh Hiệp, Quận 12
    [vnp_Bill_City] => TP.HCM
    [vnp_Bill_Country] => VN
    [vnp_TmnCode_from_config] => X4DCQ1UX
    [vnp_HashSecret_from_config_partial] => MPI8C...BYIFH
    [vnp_Url_from_config] => https://sandbox.vnpayment.vn/paymentv2/vpcpay.html
    [vnp_ReturnUrl_from_config] => http://localhost/WebMuaBanDoCu/modules/payment/vnpay/return.php
)

---------------------------------------------------------------------

---------------------------------------------------------------------
Timestamp: 2025-06-15 19:17:12
Stage: CREATE_PAYMENT - AFTER HASH
Data:
Array
(
    [vnp_Url_base] => https://sandbox.vnpayment.vn/paymentv2/vpcpay.html
    [query_params_string] => vnp_Amount=3940000000&vnp_Bill_Address=81A%2C+%C4%90%C6%B0%E1%BB%9Dng+Hu%E1%BB%B3nh+Th%E1%BB%8B+Hai%2C+Ph%C6%B0%E1%BB%9Dng+T%C3%A2n+Ch%C3%A1nh+Hi%E1%BB%87p%2C+Qu%E1%BA%ADn+12&vnp_Bill_City=TP.HCM&vnp_Bill_Country=VN&vnp_Bill_Email=nguyenthinhk52005%40gmail.com&vnp_Bill_FirstName=Nguy%E1%BB%85n&vnp_Bill_LastName=Th%E1%BB%8Bnh&vnp_Bill_Mobile=0945553902&vnp_Command=pay&vnp_CreateDate=20250615191712&vnp_CurrCode=VND&vnp_IpAddr=%3A%3A1&vnp_Locale=vn&vnp_OrderInfo=Thanh+toan+don+hang+tu+Web+Mua+Ban+Do+Cu&vnp_OrderType=billpayment&vnp_ReturnUrl=http%3A%2F%2Flocalhost%2FWebMuaBanDoCu%2Fmodules%2Fpayment%2Fvnpay%2Freturn.php&vnp_TmnCode=X4DCQ1UX&vnp_TxnRef=ORDER_20250615191706_3728&vnp_Version=2.1.0
    [final_vnp_Url_to_redirect] => https://sandbox.vnpayment.vn/paymentv2/vpcpay.html?vnp_Amount=3940000000&vnp_Bill_Address=81A%2C+%C4%90%C6%B0%E1%BB%9Dng+Hu%E1%BB%B3nh+Th%E1%BB%8B+Hai%2C+Ph%C6%B0%E1%BB%9Dng+T%C3%A2n+Ch%C3%A1nh+Hi%E1%BB%87p%2C+Qu%E1%BA%ADn+12&vnp_Bill_City=TP.HCM&vnp_Bill_Country=VN&vnp_Bill_Email=nguyenthinhk52005%40gmail.com&vnp_Bill_FirstName=Nguy%E1%BB%85n&vnp_Bill_LastName=Th%E1%BB%8Bnh&vnp_Bill_Mobile=0945553902&vnp_Command=pay&vnp_CreateDate=20250615191712&vnp_CurrCode=VND&vnp_IpAddr=%3A%3A1&vnp_Locale=vn&vnp_OrderInfo=Thanh+toan+don+hang+tu+Web+Mua+Ban+Do+Cu&vnp_OrderType=billpayment&vnp_ReturnUrl=http%3A%2F%2Flocalhost%2FWebMuaBanDoCu%2Fmodules%2Fpayment%2Fvnpay%2Freturn.php&vnp_TmnCode=X4DCQ1UX&vnp_TxnRef=ORDER_20250615191706_3728&vnp_Version=2.1.0&vnp_SecureHash=dfbda449e1f341bdcd13ad54b2dacf6da608515d23a0516d07288810dc1512fb77f5c421ca8591dc2458dd4d482b156f6b392d91aba2a6b42ee16c007d8cd8cd
    [vnp_TmnCode_used] => X4DCQ1UX
    [vnp_HashSecret_used_partial] => MPI8C...BYIFH
)

String to Hash: [vnp_Amount=3940000000&vnp_Bill_Address=81A%2C+%C4%90%C6%B0%E1%BB%9Dng+Hu%E1%BB%B3nh+Th%E1%BB%8B+Hai%2C+Ph%C6%B0%E1%BB%9Dng+T%C3%A2n+Ch%C3%A1nh+Hi%E1%BB%87p%2C+Qu%E1%BA%ADn+12&vnp_Bill_City=TP.HCM&vnp_Bill_Country=VN&vnp_Bill_Email=nguyenthinhk52005%40gmail.com&vnp_Bill_FirstName=Nguy%E1%BB%85n&vnp_Bill_LastName=Th%E1%BB%8Bnh&vnp_Bill_Mobile=0945553902&vnp_Command=pay&vnp_CreateDate=20250615191712&vnp_CurrCode=VND&vnp_IpAddr=%3A%3A1&vnp_Locale=vn&vnp_OrderInfo=Thanh+toan+don+hang+tu+Web+Mua+Ban+Do+Cu&vnp_OrderType=billpayment&vnp_ReturnUrl=http%3A%2F%2Flocalhost%2FWebMuaBanDoCu%2Fmodules%2Fpayment%2Fvnpay%2Freturn.php&vnp_TmnCode=X4DCQ1UX&vnp_TxnRef=ORDER_20250615191706_3728&vnp_Version=2.1.0]
Calculated Hash: [dfbda449e1f341bdcd13ad54b2dacf6da608515d23a0516d07288810dc1512fb77f5c421ca8591dc2458dd4d482b156f6b392d91aba2a6b42ee16c007d8cd8cd]
---------------------------------------------------------------------

---------------------------------------------------------------------
Timestamp: 2025-06-15 19:22:31
Stage: CREATE_PAYMENT - BEFORE HASH
Data:
Array
(
    [vnp_Version] => 2.1.0
    [vnp_TmnCode] => X4DCQ1UX
    [vnp_Amount] => 3940000000
    [vnp_Command] => pay
    [vnp_CreateDate] => 20250615192231
    [vnp_CurrCode] => VND
    [vnp_IpAddr] => ::1
    [vnp_Locale] => vn
    [vnp_OrderInfo] => Thanh toan don hang tu Web Mua Ban Do Cu
    [vnp_OrderType] => billpayment
    [vnp_ReturnUrl] => http://localhost/WebMuaBanDoCu/modules/payment/vnpay/return.php
    [vnp_TxnRef] => ORDER_20250615192223_6786
    [vnp_Bill_Mobile] => 0945553902
    [vnp_Bill_Email] => nguyenthinhk52005@gmail.com
    [vnp_Bill_FirstName] => Nguyễn
    [vnp_Bill_LastName] => Thịnh
    [vnp_Bill_Address] => a
a
    [vnp_Bill_City] => TP.HCM
    [vnp_Bill_Country] => VN
    [vnp_TmnCode_from_config] => X4DCQ1UX
    [vnp_HashSecret_from_config_partial] => MPI8C...BYIFH
    [vnp_Url_from_config] => https://sandbox.vnpayment.vn/paymentv2/vpcpay.html
    [vnp_ReturnUrl_from_config] => http://localhost/WebMuaBanDoCu/modules/payment/vnpay/return.php
)

---------------------------------------------------------------------

---------------------------------------------------------------------
Timestamp: 2025-06-15 19:22:31
Stage: CREATE_PAYMENT - AFTER HASH
Data:
Array
(
    [vnp_Url_base] => https://sandbox.vnpayment.vn/paymentv2/vpcpay.html
    [query_params_string] => vnp_Amount=3940000000&vnp_Bill_Address=a%0D%0Aa&vnp_Bill_City=TP.HCM&vnp_Bill_Country=VN&vnp_Bill_Email=nguyenthinhk52005%40gmail.com&vnp_Bill_FirstName=Nguy%E1%BB%85n&vnp_Bill_LastName=Th%E1%BB%8Bnh&vnp_Bill_Mobile=0945553902&vnp_Command=pay&vnp_CreateDate=20250615192231&vnp_CurrCode=VND&vnp_IpAddr=%3A%3A1&vnp_Locale=vn&vnp_OrderInfo=Thanh+toan+don+hang+tu+Web+Mua+Ban+Do+Cu&vnp_OrderType=billpayment&vnp_ReturnUrl=http%3A%2F%2Flocalhost%2FWebMuaBanDoCu%2Fmodules%2Fpayment%2Fvnpay%2Freturn.php&vnp_TmnCode=X4DCQ1UX&vnp_TxnRef=ORDER_20250615192223_6786&vnp_Version=2.1.0
    [final_vnp_Url_to_redirect] => https://sandbox.vnpayment.vn/paymentv2/vpcpay.html?vnp_Amount=3940000000&vnp_Bill_Address=a%0D%0Aa&vnp_Bill_City=TP.HCM&vnp_Bill_Country=VN&vnp_Bill_Email=nguyenthinhk52005%40gmail.com&vnp_Bill_FirstName=Nguy%E1%BB%85n&vnp_Bill_LastName=Th%E1%BB%8Bnh&vnp_Bill_Mobile=0945553902&vnp_Command=pay&vnp_CreateDate=20250615192231&vnp_CurrCode=VND&vnp_IpAddr=%3A%3A1&vnp_Locale=vn&vnp_OrderInfo=Thanh+toan+don+hang+tu+Web+Mua+Ban+Do+Cu&vnp_OrderType=billpayment&vnp_ReturnUrl=http%3A%2F%2Flocalhost%2FWebMuaBanDoCu%2Fmodules%2Fpayment%2Fvnpay%2Freturn.php&vnp_TmnCode=X4DCQ1UX&vnp_TxnRef=ORDER_20250615192223_6786&vnp_Version=2.1.0&vnp_SecureHash=bc17852302f388488a069d74bdfa121625f87888c42a6c00cddcf7b1bdbc955614dd2a25e9023c61c885588d4eb3fcaba98279f4b9de2218aea990e91513f63d
    [vnp_TmnCode_used] => X4DCQ1UX
    [vnp_HashSecret_used_partial] => MPI8C...BYIFH
)

String to Hash: [vnp_Amount=3940000000&vnp_Bill_Address=a%0D%0Aa&vnp_Bill_City=TP.HCM&vnp_Bill_Country=VN&vnp_Bill_Email=nguyenthinhk52005%40gmail.com&vnp_Bill_FirstName=Nguy%E1%BB%85n&vnp_Bill_LastName=Th%E1%BB%8Bnh&vnp_Bill_Mobile=0945553902&vnp_Command=pay&vnp_CreateDate=20250615192231&vnp_CurrCode=VND&vnp_IpAddr=%3A%3A1&vnp_Locale=vn&vnp_OrderInfo=Thanh+toan+don+hang+tu+Web+Mua+Ban+Do+Cu&vnp_OrderType=billpayment&vnp_ReturnUrl=http%3A%2F%2Flocalhost%2FWebMuaBanDoCu%2Fmodules%2Fpayment%2Fvnpay%2Freturn.php&vnp_TmnCode=X4DCQ1UX&vnp_TxnRef=ORDER_20250615192223_6786&vnp_Version=2.1.0]
Calculated Hash: [bc17852302f388488a069d74bdfa121625f87888c42a6c00cddcf7b1bdbc955614dd2a25e9023c61c885588d4eb3fcaba98279f4b9de2218aea990e91513f63d]
---------------------------------------------------------------------

---------------------------------------------------------------------
Timestamp: 2025-06-16 16:02:14
Stage: CREATE_PAYMENT - BEFORE HASH
Data:
Array
(
    [vnp_Version] => 2.1.0
    [vnp_TmnCode] => X4DCQ1UX
    [vnp_Amount] => 3940000000
    [vnp_Command] => pay
    [vnp_CreateDate] => 20250616160214
    [vnp_CurrCode] => VND
    [vnp_IpAddr] => 192.168.253.1
    [vnp_Locale] => vn
    [vnp_OrderInfo] => Thanh toan don hang tu Web Mua Ban Do Cu
    [vnp_OrderType] => billpayment
    [vnp_ReturnUrl] => http://localhost/WebMuaBanDoCu/modules/payment/vnpay/return.php
    [vnp_TxnRef] => ORDER_20250616160205_7080
    [vnp_Bill_Mobile] => 0945553902
    [vnp_Bill_Email] => nguyenthinhk52005@gmail.com
    [vnp_Bill_FirstName] => Nguyễn
    [vnp_Bill_LastName] => Thịnh
    [vnp_Bill_Address] => 81A, Đường Huỳnh Thị Hai, Phường Tân Chánh Hiệp, Quận 12
    [vnp_Bill_City] => TP.HCM
    [vnp_Bill_Country] => VN
    [vnp_TmnCode_from_config] => X4DCQ1UX
    [vnp_HashSecret_from_config_partial] => MPI8C...BYIFH
    [vnp_Url_from_config] => https://sandbox.vnpayment.vn/paymentv2/vpcpay.html
    [vnp_ReturnUrl_from_config] => http://localhost/WebMuaBanDoCu/modules/payment/vnpay/return.php
)

---------------------------------------------------------------------

---------------------------------------------------------------------
Timestamp: 2025-06-16 16:02:14
Stage: CREATE_PAYMENT - AFTER HASH
Data:
Array
(
    [vnp_Url_base] => https://sandbox.vnpayment.vn/paymentv2/vpcpay.html
    [query_params_string] => vnp_Amount=3940000000&vnp_Bill_Address=81A%2C+%C4%90%C6%B0%E1%BB%9Dng+Hu%E1%BB%B3nh+Th%E1%BB%8B+Hai%2C+Ph%C6%B0%E1%BB%9Dng+T%C3%A2n+Ch%C3%A1nh+Hi%E1%BB%87p%2C+Qu%E1%BA%ADn+12&vnp_Bill_City=TP.HCM&vnp_Bill_Country=VN&vnp_Bill_Email=nguyenthinhk52005%40gmail.com&vnp_Bill_FirstName=Nguy%E1%BB%85n&vnp_Bill_LastName=Th%E1%BB%8Bnh&vnp_Bill_Mobile=0945553902&vnp_Command=pay&vnp_CreateDate=20250616160214&vnp_CurrCode=VND&vnp_IpAddr=192.168.253.1&vnp_Locale=vn&vnp_OrderInfo=Thanh+toan+don+hang+tu+Web+Mua+Ban+Do+Cu&vnp_OrderType=billpayment&vnp_ReturnUrl=http%3A%2F%2Flocalhost%2FWebMuaBanDoCu%2Fmodules%2Fpayment%2Fvnpay%2Freturn.php&vnp_TmnCode=X4DCQ1UX&vnp_TxnRef=ORDER_20250616160205_7080&vnp_Version=2.1.0
    [final_vnp_Url_to_redirect] => https://sandbox.vnpayment.vn/paymentv2/vpcpay.html?vnp_Amount=3940000000&vnp_Bill_Address=81A%2C+%C4%90%C6%B0%E1%BB%9Dng+Hu%E1%BB%B3nh+Th%E1%BB%8B+Hai%2C+Ph%C6%B0%E1%BB%9Dng+T%C3%A2n+Ch%C3%A1nh+Hi%E1%BB%87p%2C+Qu%E1%BA%ADn+12&vnp_Bill_City=TP.HCM&vnp_Bill_Country=VN&vnp_Bill_Email=nguyenthinhk52005%40gmail.com&vnp_Bill_FirstName=Nguy%E1%BB%85n&vnp_Bill_LastName=Th%E1%BB%8Bnh&vnp_Bill_Mobile=0945553902&vnp_Command=pay&vnp_CreateDate=20250616160214&vnp_CurrCode=VND&vnp_IpAddr=192.168.253.1&vnp_Locale=vn&vnp_OrderInfo=Thanh+toan+don+hang+tu+Web+Mua+Ban+Do+Cu&vnp_OrderType=billpayment&vnp_ReturnUrl=http%3A%2F%2Flocalhost%2FWebMuaBanDoCu%2Fmodules%2Fpayment%2Fvnpay%2Freturn.php&vnp_TmnCode=X4DCQ1UX&vnp_TxnRef=ORDER_20250616160205_7080&vnp_Version=2.1.0&vnp_SecureHash=033ac365c4b29b94e819a6606219f23bffcfca29a23078ffc8cfc6d44c4048c5cf040b708cf30cfd2669a1f2984877c7c7dc7023e98f418601c8db4186b42806
    [vnp_TmnCode_used] => X4DCQ1UX
    [vnp_HashSecret_used_partial] => MPI8C...BYIFH
)

String to Hash: [vnp_Amount=3940000000&vnp_Bill_Address=81A%2C+%C4%90%C6%B0%E1%BB%9Dng+Hu%E1%BB%B3nh+Th%E1%BB%8B+Hai%2C+Ph%C6%B0%E1%BB%9Dng+T%C3%A2n+Ch%C3%A1nh+Hi%E1%BB%87p%2C+Qu%E1%BA%ADn+12&vnp_Bill_City=TP.HCM&vnp_Bill_Country=VN&vnp_Bill_Email=nguyenthinhk52005%40gmail.com&vnp_Bill_FirstName=Nguy%E1%BB%85n&vnp_Bill_LastName=Th%E1%BB%8Bnh&vnp_Bill_Mobile=0945553902&vnp_Command=pay&vnp_CreateDate=20250616160214&vnp_CurrCode=VND&vnp_IpAddr=192.168.253.1&vnp_Locale=vn&vnp_OrderInfo=Thanh+toan+don+hang+tu+Web+Mua+Ban+Do+Cu&vnp_OrderType=billpayment&vnp_ReturnUrl=http%3A%2F%2Flocalhost%2FWebMuaBanDoCu%2Fmodules%2Fpayment%2Fvnpay%2Freturn.php&vnp_TmnCode=X4DCQ1UX&vnp_TxnRef=ORDER_20250616160205_7080&vnp_Version=2.1.0]
Calculated Hash: [033ac365c4b29b94e819a6606219f23bffcfca29a23078ffc8cfc6d44c4048c5cf040b708cf30cfd2669a1f2984877c7c7dc7023e98f418601c8db4186b42806]
---------------------------------------------------------------------

---------------------------------------------------------------------
Timestamp: 2025-06-17 15:03:17
Stage: CREATE_PAYMENT - BEFORE HASH
Data:
Array
(
    [vnp_Version] => 2.1.0
    [vnp_TmnCode] => X4DCQ1UX
    [vnp_Amount] => 1850000000
    [vnp_Command] => pay
    [vnp_CreateDate] => 20250617150317
    [vnp_CurrCode] => VND
    [vnp_IpAddr] => ::1
    [vnp_Locale] => vn
    [vnp_OrderInfo] => Thanh toan don hang tu Web Mua Ban Do Cu
    [vnp_OrderType] => billpayment
    [vnp_ReturnUrl] => http://localhost/WebMuaBanDoCu/modules/payment/vnpay/return.php
    [vnp_TxnRef] => ORDER_20250617150309_3747
    [vnp_Bill_Mobile] => 0919191991
    [vnp_Bill_Email] => dvd1920ewsdas0@gmail.com
    [vnp_Bill_FirstName] => dich
    [vnp_Bill_LastName] => duc
    [vnp_Bill_Address] => sfSF
    [vnp_Bill_City] => TP.HCM
    [vnp_Bill_Country] => VN
    [vnp_TmnCode_from_config] => X4DCQ1UX
    [vnp_HashSecret_from_config_partial] => MPI8C...BYIFH
    [vnp_Url_from_config] => https://sandbox.vnpayment.vn/paymentv2/vpcpay.html
    [vnp_ReturnUrl_from_config] => http://localhost/WebMuaBanDoCu/modules/payment/vnpay/return.php
)

---------------------------------------------------------------------

---------------------------------------------------------------------
Timestamp: 2025-06-17 15:03:17
Stage: CREATE_PAYMENT - AFTER HASH
Data:
Array
(
    [vnp_Url_base] => https://sandbox.vnpayment.vn/paymentv2/vpcpay.html
    [query_params_string] => vnp_Amount=1850000000&vnp_Bill_Address=sfSF&vnp_Bill_City=TP.HCM&vnp_Bill_Country=VN&vnp_Bill_Email=dvd1920ewsdas0%40gmail.com&vnp_Bill_FirstName=dich&vnp_Bill_LastName=duc&vnp_Bill_Mobile=0919191991&vnp_Command=pay&vnp_CreateDate=20250617150317&vnp_CurrCode=VND&vnp_IpAddr=%3A%3A1&vnp_Locale=vn&vnp_OrderInfo=Thanh+toan+don+hang+tu+Web+Mua+Ban+Do+Cu&vnp_OrderType=billpayment&vnp_ReturnUrl=http%3A%2F%2Flocalhost%2FWebMuaBanDoCu%2Fmodules%2Fpayment%2Fvnpay%2Freturn.php&vnp_TmnCode=X4DCQ1UX&vnp_TxnRef=ORDER_20250617150309_3747&vnp_Version=2.1.0
    [final_vnp_Url_to_redirect] => https://sandbox.vnpayment.vn/paymentv2/vpcpay.html?vnp_Amount=1850000000&vnp_Bill_Address=sfSF&vnp_Bill_City=TP.HCM&vnp_Bill_Country=VN&vnp_Bill_Email=dvd1920ewsdas0%40gmail.com&vnp_Bill_FirstName=dich&vnp_Bill_LastName=duc&vnp_Bill_Mobile=0919191991&vnp_Command=pay&vnp_CreateDate=20250617150317&vnp_CurrCode=VND&vnp_IpAddr=%3A%3A1&vnp_Locale=vn&vnp_OrderInfo=Thanh+toan+don+hang+tu+Web+Mua+Ban+Do+Cu&vnp_OrderType=billpayment&vnp_ReturnUrl=http%3A%2F%2Flocalhost%2FWebMuaBanDoCu%2Fmodules%2Fpayment%2Fvnpay%2Freturn.php&vnp_TmnCode=X4DCQ1UX&vnp_TxnRef=ORDER_20250617150309_3747&vnp_Version=2.1.0&vnp_SecureHash=064bd7967b043e5960e8c1bee8c1810806cd6ac552f3f4f38bb4c9656135677e438806523f346d919036ea5feb946a24c659a378f5d751dcc65c96b8eee08273
    [vnp_TmnCode_used] => X4DCQ1UX
    [vnp_HashSecret_used_partial] => MPI8C...BYIFH
)

String to Hash: [vnp_Amount=1850000000&vnp_Bill_Address=sfSF&vnp_Bill_City=TP.HCM&vnp_Bill_Country=VN&vnp_Bill_Email=dvd1920ewsdas0%40gmail.com&vnp_Bill_FirstName=dich&vnp_Bill_LastName=duc&vnp_Bill_Mobile=0919191991&vnp_Command=pay&vnp_CreateDate=20250617150317&vnp_CurrCode=VND&vnp_IpAddr=%3A%3A1&vnp_Locale=vn&vnp_OrderInfo=Thanh+toan+don+hang+tu+Web+Mua+Ban+Do+Cu&vnp_OrderType=billpayment&vnp_ReturnUrl=http%3A%2F%2Flocalhost%2FWebMuaBanDoCu%2Fmodules%2Fpayment%2Fvnpay%2Freturn.php&vnp_TmnCode=X4DCQ1UX&vnp_TxnRef=ORDER_20250617150309_3747&vnp_Version=2.1.0]
Calculated Hash: [064bd7967b043e5960e8c1bee8c1810806cd6ac552f3f4f38bb4c9656135677e438806523f346d919036ea5feb946a24c659a378f5d751dcc65c96b8eee08273]
---------------------------------------------------------------------

---------------------------------------------------------------------
Timestamp: 2025-06-17 20:26:14
Stage: CREATE_PAYMENT - BEFORE HASH
Data:
Array
(
    [vnp_Version] => 2.1.0
    [vnp_TmnCode] => X4DCQ1UX
    [vnp_Amount] => 3940000000
    [vnp_Command] => pay
    [vnp_CreateDate] => 20250617202614
    [vnp_CurrCode] => VND
    [vnp_IpAddr] => 192.168.253.1
    [vnp_Locale] => vn
    [vnp_OrderInfo] => Thanh toan don hang tu Web Mua Ban Do Cu
    [vnp_OrderType] => billpayment
    [vnp_ReturnUrl] => http://localhost/WebMuaBanDoCu/modules/payment/vnpay/return.php
    [vnp_TxnRef] => ORDER_20250617202606_7494
    [vnp_Bill_Mobile] => 0945553902
    [vnp_Bill_Email] => nguyenthinhk52005@gmail.com
    [vnp_Bill_FirstName] => Nguyễn
    [vnp_Bill_LastName] => Thịnh
    [vnp_Bill_Address] => 81A, Đường Huỳnh Thị Hai, Phường Tân Chánh Hiệp, Quận 12
    [vnp_Bill_City] => TP.HCM
    [vnp_Bill_Country] => VN
    [vnp_TmnCode_from_config] => X4DCQ1UX
    [vnp_HashSecret_from_config_partial] => MPI8C...BYIFH
    [vnp_Url_from_config] => https://sandbox.vnpayment.vn/paymentv2/vpcpay.html
    [vnp_ReturnUrl_from_config] => http://localhost/WebMuaBanDoCu/modules/payment/vnpay/return.php
)

---------------------------------------------------------------------

---------------------------------------------------------------------
Timestamp: 2025-06-17 20:26:14
Stage: CREATE_PAYMENT - AFTER HASH
Data:
Array
(
    [vnp_Url_base] => https://sandbox.vnpayment.vn/paymentv2/vpcpay.html
    [query_params_string] => vnp_Amount=3940000000&vnp_Bill_Address=81A%2C+%C4%90%C6%B0%E1%BB%9Dng+Hu%E1%BB%B3nh+Th%E1%BB%8B+Hai%2C+Ph%C6%B0%E1%BB%9Dng+T%C3%A2n+Ch%C3%A1nh+Hi%E1%BB%87p%2C+Qu%E1%BA%ADn+12&vnp_Bill_City=TP.HCM&vnp_Bill_Country=VN&vnp_Bill_Email=nguyenthinhk52005%40gmail.com&vnp_Bill_FirstName=Nguy%E1%BB%85n&vnp_Bill_LastName=Th%E1%BB%8Bnh&vnp_Bill_Mobile=0945553902&vnp_Command=pay&vnp_CreateDate=20250617202614&vnp_CurrCode=VND&vnp_IpAddr=192.168.253.1&vnp_Locale=vn&vnp_OrderInfo=Thanh+toan+don+hang+tu+Web+Mua+Ban+Do+Cu&vnp_OrderType=billpayment&vnp_ReturnUrl=http%3A%2F%2Flocalhost%2FWebMuaBanDoCu%2Fmodules%2Fpayment%2Fvnpay%2Freturn.php&vnp_TmnCode=X4DCQ1UX&vnp_TxnRef=ORDER_20250617202606_7494&vnp_Version=2.1.0
    [final_vnp_Url_to_redirect] => https://sandbox.vnpayment.vn/paymentv2/vpcpay.html?vnp_Amount=3940000000&vnp_Bill_Address=81A%2C+%C4%90%C6%B0%E1%BB%9Dng+Hu%E1%BB%B3nh+Th%E1%BB%8B+Hai%2C+Ph%C6%B0%E1%BB%9Dng+T%C3%A2n+Ch%C3%A1nh+Hi%E1%BB%87p%2C+Qu%E1%BA%ADn+12&vnp_Bill_City=TP.HCM&vnp_Bill_Country=VN&vnp_Bill_Email=nguyenthinhk52005%40gmail.com&vnp_Bill_FirstName=Nguy%E1%BB%85n&vnp_Bill_LastName=Th%E1%BB%8Bnh&vnp_Bill_Mobile=0945553902&vnp_Command=pay&vnp_CreateDate=20250617202614&vnp_CurrCode=VND&vnp_IpAddr=192.168.253.1&vnp_Locale=vn&vnp_OrderInfo=Thanh+toan+don+hang+tu+Web+Mua+Ban+Do+Cu&vnp_OrderType=billpayment&vnp_ReturnUrl=http%3A%2F%2Flocalhost%2FWebMuaBanDoCu%2Fmodules%2Fpayment%2Fvnpay%2Freturn.php&vnp_TmnCode=X4DCQ1UX&vnp_TxnRef=ORDER_20250617202606_7494&vnp_Version=2.1.0&vnp_SecureHash=dd03f5274c7401fd922be2048a44fc8c78b32753aceaec68741ee79e9cfe507ba0b48656b442a1bd97a8a86d2b68ecfd139c9155f97f4c3205a1fb749185c76c
    [vnp_TmnCode_used] => X4DCQ1UX
    [vnp_HashSecret_used_partial] => MPI8C...BYIFH
)

String to Hash: [vnp_Amount=3940000000&vnp_Bill_Address=81A%2C+%C4%90%C6%B0%E1%BB%9Dng+Hu%E1%BB%B3nh+Th%E1%BB%8B+Hai%2C+Ph%C6%B0%E1%BB%9Dng+T%C3%A2n+Ch%C3%A1nh+Hi%E1%BB%87p%2C+Qu%E1%BA%ADn+12&vnp_Bill_City=TP.HCM&vnp_Bill_Country=VN&vnp_Bill_Email=nguyenthinhk52005%40gmail.com&vnp_Bill_FirstName=Nguy%E1%BB%85n&vnp_Bill_LastName=Th%E1%BB%8Bnh&vnp_Bill_Mobile=0945553902&vnp_Command=pay&vnp_CreateDate=20250617202614&vnp_CurrCode=VND&vnp_IpAddr=192.168.253.1&vnp_Locale=vn&vnp_OrderInfo=Thanh+toan+don+hang+tu+Web+Mua+Ban+Do+Cu&vnp_OrderType=billpayment&vnp_ReturnUrl=http%3A%2F%2Flocalhost%2FWebMuaBanDoCu%2Fmodules%2Fpayment%2Fvnpay%2Freturn.php&vnp_TmnCode=X4DCQ1UX&vnp_TxnRef=ORDER_20250617202606_7494&vnp_Version=2.1.0]
Calculated Hash: [dd03f5274c7401fd922be2048a44fc8c78b32753aceaec68741ee79e9cfe507ba0b48656b442a1bd97a8a86d2b68ecfd139c9155f97f4c3205a1fb749185c76c]
---------------------------------------------------------------------

---------------------------------------------------------------------
Timestamp: 2025-06-17 20:26:43
Stage: RETURN_URL - RECEIVED DATA
Data:
Array
(
    [get_params] => Array
        (
            [vnp_Amount] => 3940000000
            [vnp_BankCode] => NCB
            [vnp_BankTranNo] => VNP15023030
            [vnp_CardType] => ATM
            [vnp_OrderInfo] => Thanh toan don hang tu Web Mua Ban Do Cu
            [vnp_PayDate] => 20250617202721
            [vnp_ResponseCode] => 00
            [vnp_TmnCode] => X4DCQ1UX
            [vnp_TransactionNo] => 15023030
            [vnp_TransactionStatus] => 00
            [vnp_TxnRef] => ORDER_20250617202606_7494
            [vnp_SecureHash] => 9a211f9de4f441e5494ce6c9899fa48a43cc9c68e2c48e99bc84aa9aa3743ba3956abbc6834298ecdbdabc9d448bc3bc062cd2da51b6957960cf7e2ee47c0f0a
        )

    [vnp_TmnCode_config] => X4DCQ1UX
    [vnp_HashSecret_config_partial] => MPI8C...BYIFH
)

---------------------------------------------------------------------

---------------------------------------------------------------------
Timestamp: 2025-06-17 20:26:43
Stage: RETURN_URL - BEFORE SIG CHECK
Data:
Array
(
    [order_number] => ORDER_20250617202606_7494
    [vnp_ResponseCode] => 00
)

String to Hash: [vnp_Amount=3940000000&vnp_BankCode=NCB&vnp_BankTranNo=VNP15023030&vnp_CardType=ATM&vnp_OrderInfo=Thanh+toan+don+hang+tu+Web+Mua+Ban+Do+Cu&vnp_PayDate=20250617202721&vnp_ResponseCode=00&vnp_TmnCode=X4DCQ1UX&vnp_TransactionNo=15023030&vnp_TransactionStatus=00&vnp_TxnRef=ORDER_20250617202606_7494]
Calculated Hash: [9a211f9de4f441e5494ce6c9899fa48a43cc9c68e2c48e99bc84aa9aa3743ba3956abbc6834298ecdbdabc9d448bc3bc062cd2da51b6957960cf7e2ee47c0f0a]
Received Hash: [9a211f9de4f441e5494ce6c9899fa48a43cc9c68e2c48e99bc84aa9aa3743ba3956abbc6834298ecdbdabc9d448bc3bc062cd2da51b6957960cf7e2ee47c0f0a]
---------------------------------------------------------------------

---------------------------------------------------------------------
Timestamp: 2025-06-17 20:26:43
Stage: RETURN_URL - SUCCESS
Data:
Array
(
    [order_number] => ORDER_20250617202606_7494
    [message] => Thanh toán thành công!
)

---------------------------------------------------------------------

---------------------------------------------------------------------
Timestamp: 2025-06-18 00:41:43
Stage: CREATE_PAYMENT - BEFORE HASH
Data:
Array
(
    [vnp_Version] => 2.1.0
    [vnp_TmnCode] => X4DCQ1UX
    [vnp_Amount] => 6350000000
    [vnp_Command] => pay
    [vnp_CreateDate] => 20250618004143
    [vnp_CurrCode] => VND
    [vnp_IpAddr] => ::1
    [vnp_Locale] => vn
    [vnp_OrderInfo] => Thanh toan don hang tu Web Mua Ban Do Cu
    [vnp_OrderType] => billpayment
    [vnp_ReturnUrl] => http://localhost/WebMuaBanDoCu/modules/payment/vnpay/return.php
    [vnp_TxnRef] => ORDER_20250618004136_3126
    [vnp_Bill_Mobile] => 0945553902
    [vnp_Bill_Email] => nguyenthinhk52005@gmail.com
    [vnp_Bill_FirstName] => Nguyễn
    [vnp_Bill_LastName] => Thịnh
    [vnp_Bill_Address] => 81A, Đường Huỳnh Thị Hai, Phường Tân Chánh Hiệp, Quận 12
    [vnp_Bill_City] => TP.HCM
    [vnp_Bill_Country] => VN
    [vnp_TmnCode_from_config] => X4DCQ1UX
    [vnp_HashSecret_from_config_partial] => MPI8C...BYIFH
    [vnp_Url_from_config] => https://sandbox.vnpayment.vn/paymentv2/vpcpay.html
    [vnp_ReturnUrl_from_config] => http://localhost/WebMuaBanDoCu/modules/payment/vnpay/return.php
)

---------------------------------------------------------------------

---------------------------------------------------------------------
Timestamp: 2025-06-18 00:41:43
Stage: CREATE_PAYMENT - AFTER HASH
Data:
Array
(
    [vnp_Url_base] => https://sandbox.vnpayment.vn/paymentv2/vpcpay.html
    [query_params_string] => vnp_Amount=6350000000&vnp_Bill_Address=81A%2C+%C4%90%C6%B0%E1%BB%9Dng+Hu%E1%BB%B3nh+Th%E1%BB%8B+Hai%2C+Ph%C6%B0%E1%BB%9Dng+T%C3%A2n+Ch%C3%A1nh+Hi%E1%BB%87p%2C+Qu%E1%BA%ADn+12&vnp_Bill_City=TP.HCM&vnp_Bill_Country=VN&vnp_Bill_Email=nguyenthinhk52005%40gmail.com&vnp_Bill_FirstName=Nguy%E1%BB%85n&vnp_Bill_LastName=Th%E1%BB%8Bnh&vnp_Bill_Mobile=0945553902&vnp_Command=pay&vnp_CreateDate=20250618004143&vnp_CurrCode=VND&vnp_IpAddr=%3A%3A1&vnp_Locale=vn&vnp_OrderInfo=Thanh+toan+don+hang+tu+Web+Mua+Ban+Do+Cu&vnp_OrderType=billpayment&vnp_ReturnUrl=http%3A%2F%2Flocalhost%2FWebMuaBanDoCu%2Fmodules%2Fpayment%2Fvnpay%2Freturn.php&vnp_TmnCode=X4DCQ1UX&vnp_TxnRef=ORDER_20250618004136_3126&vnp_Version=2.1.0
    [final_vnp_Url_to_redirect] => https://sandbox.vnpayment.vn/paymentv2/vpcpay.html?vnp_Amount=6350000000&vnp_Bill_Address=81A%2C+%C4%90%C6%B0%E1%BB%9Dng+Hu%E1%BB%B3nh+Th%E1%BB%8B+Hai%2C+Ph%C6%B0%E1%BB%9Dng+T%C3%A2n+Ch%C3%A1nh+Hi%E1%BB%87p%2C+Qu%E1%BA%ADn+12&vnp_Bill_City=TP.HCM&vnp_Bill_Country=VN&vnp_Bill_Email=nguyenthinhk52005%40gmail.com&vnp_Bill_FirstName=Nguy%E1%BB%85n&vnp_Bill_LastName=Th%E1%BB%8Bnh&vnp_Bill_Mobile=0945553902&vnp_Command=pay&vnp_CreateDate=20250618004143&vnp_CurrCode=VND&vnp_IpAddr=%3A%3A1&vnp_Locale=vn&vnp_OrderInfo=Thanh+toan+don+hang+tu+Web+Mua+Ban+Do+Cu&vnp_OrderType=billpayment&vnp_ReturnUrl=http%3A%2F%2Flocalhost%2FWebMuaBanDoCu%2Fmodules%2Fpayment%2Fvnpay%2Freturn.php&vnp_TmnCode=X4DCQ1UX&vnp_TxnRef=ORDER_20250618004136_3126&vnp_Version=2.1.0&vnp_SecureHash=8eff390ddbc944fbb1de9016cb8e962f39a5b35ae2c5455ab260160304ddf47100f0a8184f17d23ff0f1d3657418d3a341ccc6f67e00d5b9496d5948f9030184
    [vnp_TmnCode_used] => X4DCQ1UX
    [vnp_HashSecret_used_partial] => MPI8C...BYIFH
)

String to Hash: [vnp_Amount=6350000000&vnp_Bill_Address=81A%2C+%C4%90%C6%B0%E1%BB%9Dng+Hu%E1%BB%B3nh+Th%E1%BB%8B+Hai%2C+Ph%C6%B0%E1%BB%9Dng+T%C3%A2n+Ch%C3%A1nh+Hi%E1%BB%87p%2C+Qu%E1%BA%ADn+12&vnp_Bill_City=TP.HCM&vnp_Bill_Country=VN&vnp_Bill_Email=nguyenthinhk52005%40gmail.com&vnp_Bill_FirstName=Nguy%E1%BB%85n&vnp_Bill_LastName=Th%E1%BB%8Bnh&vnp_Bill_Mobile=0945553902&vnp_Command=pay&vnp_CreateDate=20250618004143&vnp_CurrCode=VND&vnp_IpAddr=%3A%3A1&vnp_Locale=vn&vnp_OrderInfo=Thanh+toan+don+hang+tu+Web+Mua+Ban+Do+Cu&vnp_OrderType=billpayment&vnp_ReturnUrl=http%3A%2F%2Flocalhost%2FWebMuaBanDoCu%2Fmodules%2Fpayment%2Fvnpay%2Freturn.php&vnp_TmnCode=X4DCQ1UX&vnp_TxnRef=ORDER_20250618004136_3126&vnp_Version=2.1.0]
Calculated Hash: [8eff390ddbc944fbb1de9016cb8e962f39a5b35ae2c5455ab260160304ddf47100f0a8184f17d23ff0f1d3657418d3a341ccc6f67e00d5b9496d5948f9030184]
---------------------------------------------------------------------

---------------------------------------------------------------------
Timestamp: 2025-06-18 00:42:01
Stage: RETURN_URL - RECEIVED DATA
Data:
Array
(
    [get_params] => Array
        (
            [vnp_Amount] => 6350000000
            [vnp_BankCode] => NCB
            [vnp_BankTranNo] => VNP15023424
            [vnp_CardType] => ATM
            [vnp_OrderInfo] => Thanh toan don hang tu Web Mua Ban Do Cu
            [vnp_PayDate] => 20250618004241
            [vnp_ResponseCode] => 00
            [vnp_TmnCode] => X4DCQ1UX
            [vnp_TransactionNo] => 15023424
            [vnp_TransactionStatus] => 00
            [vnp_TxnRef] => ORDER_20250618004136_3126
            [vnp_SecureHash] => 172ae2396bdbf514c583a41028760b2dd3d015783513c638bffba2a285e79fef69daebe3c5ebeb375a79271db57fbc478ddb0c6f47c741ef528b8efa6b5ae30c
        )

    [vnp_TmnCode_config] => X4DCQ1UX
    [vnp_HashSecret_config_partial] => MPI8C...BYIFH
)

---------------------------------------------------------------------

---------------------------------------------------------------------
Timestamp: 2025-06-18 00:42:01
Stage: RETURN_URL - BEFORE SIG CHECK
Data:
Array
(
    [order_number] => ORDER_20250618004136_3126
    [vnp_ResponseCode] => 00
)

String to Hash: [vnp_Amount=6350000000&vnp_BankCode=NCB&vnp_BankTranNo=VNP15023424&vnp_CardType=ATM&vnp_OrderInfo=Thanh+toan+don+hang+tu+Web+Mua+Ban+Do+Cu&vnp_PayDate=20250618004241&vnp_ResponseCode=00&vnp_TmnCode=X4DCQ1UX&vnp_TransactionNo=15023424&vnp_TransactionStatus=00&vnp_TxnRef=ORDER_20250618004136_3126]
Calculated Hash: [172ae2396bdbf514c583a41028760b2dd3d015783513c638bffba2a285e79fef69daebe3c5ebeb375a79271db57fbc478ddb0c6f47c741ef528b8efa6b5ae30c]
Received Hash: [172ae2396bdbf514c583a41028760b2dd3d015783513c638bffba2a285e79fef69daebe3c5ebeb375a79271db57fbc478ddb0c6f47c741ef528b8efa6b5ae30c]
---------------------------------------------------------------------

---------------------------------------------------------------------
Timestamp: 2025-06-18 00:42:01
Stage: RETURN_URL - SUCCESS
Data:
Array
(
    [order_number] => ORDER_20250618004136_3126
    [message] => Thanh toán thành công!
)

---------------------------------------------------------------------

---------------------------------------------------------------------
Timestamp: 2025-06-18 00:43:11
Stage: CREATE_PAYMENT - BEFORE HASH
Data:
Array
(
    [vnp_Version] => 2.1.0
    [vnp_TmnCode] => X4DCQ1UX
    [vnp_Amount] => 7850000000
    [vnp_Command] => pay
    [vnp_CreateDate] => 20250618004311
    [vnp_CurrCode] => VND
    [vnp_IpAddr] => ::1
    [vnp_Locale] => vn
    [vnp_OrderInfo] => Thanh toan don hang tu Web Mua Ban Do Cu
    [vnp_OrderType] => billpayment
    [vnp_ReturnUrl] => http://localhost/WebMuaBanDoCu/modules/payment/vnpay/return.php
    [vnp_TxnRef] => ORDER_20250618004305_1604
    [vnp_Bill_Mobile] => 0945553902
    [vnp_Bill_Email] => nguyenthinhk52005@gmail.com
    [vnp_Bill_FirstName] => Nguyễn
    [vnp_Bill_LastName] => Thịnh
    [vnp_Bill_Address] => 81A, Đường Huỳnh Thị Hai, Phường Tân Chánh Hiệp, Quận 12
    [vnp_Bill_City] => TP.HCM
    [vnp_Bill_Country] => VN
    [vnp_TmnCode_from_config] => X4DCQ1UX
    [vnp_HashSecret_from_config_partial] => MPI8C...BYIFH
    [vnp_Url_from_config] => https://sandbox.vnpayment.vn/paymentv2/vpcpay.html
    [vnp_ReturnUrl_from_config] => http://localhost/WebMuaBanDoCu/modules/payment/vnpay/return.php
)

---------------------------------------------------------------------

---------------------------------------------------------------------
Timestamp: 2025-06-18 00:43:11
Stage: CREATE_PAYMENT - AFTER HASH
Data:
Array
(
    [vnp_Url_base] => https://sandbox.vnpayment.vn/paymentv2/vpcpay.html
    [query_params_string] => vnp_Amount=7850000000&vnp_Bill_Address=81A%2C+%C4%90%C6%B0%E1%BB%9Dng+Hu%E1%BB%B3nh+Th%E1%BB%8B+Hai%2C+Ph%C6%B0%E1%BB%9Dng+T%C3%A2n+Ch%C3%A1nh+Hi%E1%BB%87p%2C+Qu%E1%BA%ADn+12&vnp_Bill_City=TP.HCM&vnp_Bill_Country=VN&vnp_Bill_Email=nguyenthinhk52005%40gmail.com&vnp_Bill_FirstName=Nguy%E1%BB%85n&vnp_Bill_LastName=Th%E1%BB%8Bnh&vnp_Bill_Mobile=0945553902&vnp_Command=pay&vnp_CreateDate=20250618004311&vnp_CurrCode=VND&vnp_IpAddr=%3A%3A1&vnp_Locale=vn&vnp_OrderInfo=Thanh+toan+don+hang+tu+Web+Mua+Ban+Do+Cu&vnp_OrderType=billpayment&vnp_ReturnUrl=http%3A%2F%2Flocalhost%2FWebMuaBanDoCu%2Fmodules%2Fpayment%2Fvnpay%2Freturn.php&vnp_TmnCode=X4DCQ1UX&vnp_TxnRef=ORDER_20250618004305_1604&vnp_Version=2.1.0
    [final_vnp_Url_to_redirect] => https://sandbox.vnpayment.vn/paymentv2/vpcpay.html?vnp_Amount=7850000000&vnp_Bill_Address=81A%2C+%C4%90%C6%B0%E1%BB%9Dng+Hu%E1%BB%B3nh+Th%E1%BB%8B+Hai%2C+Ph%C6%B0%E1%BB%9Dng+T%C3%A2n+Ch%C3%A1nh+Hi%E1%BB%87p%2C+Qu%E1%BA%ADn+12&vnp_Bill_City=TP.HCM&vnp_Bill_Country=VN&vnp_Bill_Email=nguyenthinhk52005%40gmail.com&vnp_Bill_FirstName=Nguy%E1%BB%85n&vnp_Bill_LastName=Th%E1%BB%8Bnh&vnp_Bill_Mobile=0945553902&vnp_Command=pay&vnp_CreateDate=20250618004311&vnp_CurrCode=VND&vnp_IpAddr=%3A%3A1&vnp_Locale=vn&vnp_OrderInfo=Thanh+toan+don+hang+tu+Web+Mua+Ban+Do+Cu&vnp_OrderType=billpayment&vnp_ReturnUrl=http%3A%2F%2Flocalhost%2FWebMuaBanDoCu%2Fmodules%2Fpayment%2Fvnpay%2Freturn.php&vnp_TmnCode=X4DCQ1UX&vnp_TxnRef=ORDER_20250618004305_1604&vnp_Version=2.1.0&vnp_SecureHash=ae16f2485b3c86a8400c50ac3c3c02dce576d21ad2fe756618a393627e2e032fcb8e1a191544e3dfeb7f722dcdf9523b1f91d3fc883a2cf215c15166a277833f
    [vnp_TmnCode_used] => X4DCQ1UX
    [vnp_HashSecret_used_partial] => MPI8C...BYIFH
)

String to Hash: [vnp_Amount=7850000000&vnp_Bill_Address=81A%2C+%C4%90%C6%B0%E1%BB%9Dng+Hu%E1%BB%B3nh+Th%E1%BB%8B+Hai%2C+Ph%C6%B0%E1%BB%9Dng+T%C3%A2n+Ch%C3%A1nh+Hi%E1%BB%87p%2C+Qu%E1%BA%ADn+12&vnp_Bill_City=TP.HCM&vnp_Bill_Country=VN&vnp_Bill_Email=nguyenthinhk52005%40gmail.com&vnp_Bill_FirstName=Nguy%E1%BB%85n&vnp_Bill_LastName=Th%E1%BB%8Bnh&vnp_Bill_Mobile=0945553902&vnp_Command=pay&vnp_CreateDate=20250618004311&vnp_CurrCode=VND&vnp_IpAddr=%3A%3A1&vnp_Locale=vn&vnp_OrderInfo=Thanh+toan+don+hang+tu+Web+Mua+Ban+Do+Cu&vnp_OrderType=billpayment&vnp_ReturnUrl=http%3A%2F%2Flocalhost%2FWebMuaBanDoCu%2Fmodules%2Fpayment%2Fvnpay%2Freturn.php&vnp_TmnCode=X4DCQ1UX&vnp_TxnRef=ORDER_20250618004305_1604&vnp_Version=2.1.0]
Calculated Hash: [ae16f2485b3c86a8400c50ac3c3c02dce576d21ad2fe756618a393627e2e032fcb8e1a191544e3dfeb7f722dcdf9523b1f91d3fc883a2cf215c15166a277833f]
---------------------------------------------------------------------

---------------------------------------------------------------------
Timestamp: 2025-06-18 00:43:25
Stage: RETURN_URL - RECEIVED DATA
Data:
Array
(
    [get_params] => Array
        (
            [vnp_Amount] => 7850000000
            [vnp_BankCode] => NCB
            [vnp_BankTranNo] => VNP15023425
            [vnp_CardType] => ATM
            [vnp_OrderInfo] => Thanh toan don hang tu Web Mua Ban Do Cu
            [vnp_PayDate] => 20250618004404
            [vnp_ResponseCode] => 00
            [vnp_TmnCode] => X4DCQ1UX
            [vnp_TransactionNo] => 15023425
            [vnp_TransactionStatus] => 00
            [vnp_TxnRef] => ORDER_20250618004305_1604
            [vnp_SecureHash] => aacea6ae33116e218b5ac10b8cbb2c3d8f939eb6b52d08c18e5163af87cd370faa9e9050fb4a341c06c6ecfc2ea0e9de6f799660f8151a9e31115b9aebefee28
        )

    [vnp_TmnCode_config] => X4DCQ1UX
    [vnp_HashSecret_config_partial] => MPI8C...BYIFH
)

---------------------------------------------------------------------

---------------------------------------------------------------------
Timestamp: 2025-06-18 00:43:25
Stage: RETURN_URL - BEFORE SIG CHECK
Data:
Array
(
    [order_number] => ORDER_20250618004305_1604
    [vnp_ResponseCode] => 00
)

String to Hash: [vnp_Amount=7850000000&vnp_BankCode=NCB&vnp_BankTranNo=VNP15023425&vnp_CardType=ATM&vnp_OrderInfo=Thanh+toan+don+hang+tu+Web+Mua+Ban+Do+Cu&vnp_PayDate=20250618004404&vnp_ResponseCode=00&vnp_TmnCode=X4DCQ1UX&vnp_TransactionNo=15023425&vnp_TransactionStatus=00&vnp_TxnRef=ORDER_20250618004305_1604]
Calculated Hash: [aacea6ae33116e218b5ac10b8cbb2c3d8f939eb6b52d08c18e5163af87cd370faa9e9050fb4a341c06c6ecfc2ea0e9de6f799660f8151a9e31115b9aebefee28]
Received Hash: [aacea6ae33116e218b5ac10b8cbb2c3d8f939eb6b52d08c18e5163af87cd370faa9e9050fb4a341c06c6ecfc2ea0e9de6f799660f8151a9e31115b9aebefee28]
---------------------------------------------------------------------

---------------------------------------------------------------------
Timestamp: 2025-06-18 00:43:25
Stage: RETURN_URL - SUCCESS
Data:
Array
(
    [order_number] => ORDER_20250618004305_1604
    [message] => Thanh toán thành công!
)

---------------------------------------------------------------------

---------------------------------------------------------------------
Timestamp: 2025-06-18 00:58:14
Stage: CREATE_PAYMENT - BEFORE HASH
Data:
Array
(
    [vnp_Version] => 2.1.0
    [vnp_TmnCode] => X4DCQ1UX
    [vnp_Amount] => 7850000000
    [vnp_Command] => pay
    [vnp_CreateDate] => 20250618005814
    [vnp_CurrCode] => VND
    [vnp_IpAddr] => ::1
    [vnp_Locale] => vn
    [vnp_OrderInfo] => Thanh toan don hang tu Web Mua Ban Do Cu
    [vnp_OrderType] => billpayment
    [vnp_ReturnUrl] => http://localhost/WebMuaBanDoCu/modules/payment/vnpay/return.php
    [vnp_TxnRef] => ORDER_20250618005809_1724
    [vnp_Bill_Mobile] => 0945553902
    [vnp_Bill_Email] => nguyenthinhk52005@gmail.com
    [vnp_Bill_FirstName] => Nguyễn
    [vnp_Bill_LastName] => Thịnh
    [vnp_Bill_Address] => 81A, Đường Huỳnh Thị Hai, Phường Tân Chánh Hiệp, Quận 12
    [vnp_Bill_City] => TP.HCM
    [vnp_Bill_Country] => VN
    [vnp_TmnCode_from_config] => X4DCQ1UX
    [vnp_HashSecret_from_config_partial] => MPI8C...BYIFH
    [vnp_Url_from_config] => https://sandbox.vnpayment.vn/paymentv2/vpcpay.html
    [vnp_ReturnUrl_from_config] => http://localhost/WebMuaBanDoCu/modules/payment/vnpay/return.php
)

---------------------------------------------------------------------

---------------------------------------------------------------------
Timestamp: 2025-06-18 00:58:14
Stage: CREATE_PAYMENT - AFTER HASH
Data:
Array
(
    [vnp_Url_base] => https://sandbox.vnpayment.vn/paymentv2/vpcpay.html
    [query_params_string] => vnp_Amount=7850000000&vnp_Bill_Address=81A%2C+%C4%90%C6%B0%E1%BB%9Dng+Hu%E1%BB%B3nh+Th%E1%BB%8B+Hai%2C+Ph%C6%B0%E1%BB%9Dng+T%C3%A2n+Ch%C3%A1nh+Hi%E1%BB%87p%2C+Qu%E1%BA%ADn+12&vnp_Bill_City=TP.HCM&vnp_Bill_Country=VN&vnp_Bill_Email=nguyenthinhk52005%40gmail.com&vnp_Bill_FirstName=Nguy%E1%BB%85n&vnp_Bill_LastName=Th%E1%BB%8Bnh&vnp_Bill_Mobile=0945553902&vnp_Command=pay&vnp_CreateDate=20250618005814&vnp_CurrCode=VND&vnp_IpAddr=%3A%3A1&vnp_Locale=vn&vnp_OrderInfo=Thanh+toan+don+hang+tu+Web+Mua+Ban+Do+Cu&vnp_OrderType=billpayment&vnp_ReturnUrl=http%3A%2F%2Flocalhost%2FWebMuaBanDoCu%2Fmodules%2Fpayment%2Fvnpay%2Freturn.php&vnp_TmnCode=X4DCQ1UX&vnp_TxnRef=ORDER_20250618005809_1724&vnp_Version=2.1.0
    [final_vnp_Url_to_redirect] => https://sandbox.vnpayment.vn/paymentv2/vpcpay.html?vnp_Amount=7850000000&vnp_Bill_Address=81A%2C+%C4%90%C6%B0%E1%BB%9Dng+Hu%E1%BB%B3nh+Th%E1%BB%8B+Hai%2C+Ph%C6%B0%E1%BB%9Dng+T%C3%A2n+Ch%C3%A1nh+Hi%E1%BB%87p%2C+Qu%E1%BA%ADn+12&vnp_Bill_City=TP.HCM&vnp_Bill_Country=VN&vnp_Bill_Email=nguyenthinhk52005%40gmail.com&vnp_Bill_FirstName=Nguy%E1%BB%85n&vnp_Bill_LastName=Th%E1%BB%8Bnh&vnp_Bill_Mobile=0945553902&vnp_Command=pay&vnp_CreateDate=20250618005814&vnp_CurrCode=VND&vnp_IpAddr=%3A%3A1&vnp_Locale=vn&vnp_OrderInfo=Thanh+toan+don+hang+tu+Web+Mua+Ban+Do+Cu&vnp_OrderType=billpayment&vnp_ReturnUrl=http%3A%2F%2Flocalhost%2FWebMuaBanDoCu%2Fmodules%2Fpayment%2Fvnpay%2Freturn.php&vnp_TmnCode=X4DCQ1UX&vnp_TxnRef=ORDER_20250618005809_1724&vnp_Version=2.1.0&vnp_SecureHash=4f11a4d897ffa0a27c11593f64d6ea1e558ea8d2d49cd9454e35ad51e508bbf992bf564322bde23d57ad2de075f735e7290f12332b68aa6c392a1c2008715e80
    [vnp_TmnCode_used] => X4DCQ1UX
    [vnp_HashSecret_used_partial] => MPI8C...BYIFH
)

String to Hash: [vnp_Amount=7850000000&vnp_Bill_Address=81A%2C+%C4%90%C6%B0%E1%BB%9Dng+Hu%E1%BB%B3nh+Th%E1%BB%8B+Hai%2C+Ph%C6%B0%E1%BB%9Dng+T%C3%A2n+Ch%C3%A1nh+Hi%E1%BB%87p%2C+Qu%E1%BA%ADn+12&vnp_Bill_City=TP.HCM&vnp_Bill_Country=VN&vnp_Bill_Email=nguyenthinhk52005%40gmail.com&vnp_Bill_FirstName=Nguy%E1%BB%85n&vnp_Bill_LastName=Th%E1%BB%8Bnh&vnp_Bill_Mobile=0945553902&vnp_Command=pay&vnp_CreateDate=20250618005814&vnp_CurrCode=VND&vnp_IpAddr=%3A%3A1&vnp_Locale=vn&vnp_OrderInfo=Thanh+toan+don+hang+tu+Web+Mua+Ban+Do+Cu&vnp_OrderType=billpayment&vnp_ReturnUrl=http%3A%2F%2Flocalhost%2FWebMuaBanDoCu%2Fmodules%2Fpayment%2Fvnpay%2Freturn.php&vnp_TmnCode=X4DCQ1UX&vnp_TxnRef=ORDER_20250618005809_1724&vnp_Version=2.1.0]
Calculated Hash: [4f11a4d897ffa0a27c11593f64d6ea1e558ea8d2d49cd9454e35ad51e508bbf992bf564322bde23d57ad2de075f735e7290f12332b68aa6c392a1c2008715e80]
---------------------------------------------------------------------

---------------------------------------------------------------------
Timestamp: 2025-06-18 00:58:31
Stage: RETURN_URL - RECEIVED DATA
Data:
Array
(
    [get_params] => Array
        (
            [vnp_Amount] => 7850000000
            [vnp_BankCode] => NCB
            [vnp_BankTranNo] => VNP15023441
            [vnp_CardType] => ATM
            [vnp_OrderInfo] => Thanh toan don hang tu Web Mua Ban Do Cu
            [vnp_PayDate] => 20250618005911
            [vnp_ResponseCode] => 00
            [vnp_TmnCode] => X4DCQ1UX
            [vnp_TransactionNo] => 15023441
            [vnp_TransactionStatus] => 00
            [vnp_TxnRef] => ORDER_20250618005809_1724
            [vnp_SecureHash] => 6474087518372928cdf5df0391667208e03bad5dd6a342982d92badaac2f3fa1417debf2fab808971ec81482718463e811756ebdd06c83e1f37bd90bac0ea010
        )

    [vnp_TmnCode_config] => X4DCQ1UX
    [vnp_HashSecret_config_partial] => MPI8C...BYIFH
)

---------------------------------------------------------------------

---------------------------------------------------------------------
Timestamp: 2025-06-18 00:58:31
Stage: RETURN_URL - BEFORE SIG CHECK
Data:
Array
(
    [order_number] => ORDER_20250618005809_1724
    [vnp_ResponseCode] => 00
)

String to Hash: [vnp_Amount=7850000000&vnp_BankCode=NCB&vnp_BankTranNo=VNP15023441&vnp_CardType=ATM&vnp_OrderInfo=Thanh+toan+don+hang+tu+Web+Mua+Ban+Do+Cu&vnp_PayDate=20250618005911&vnp_ResponseCode=00&vnp_TmnCode=X4DCQ1UX&vnp_TransactionNo=15023441&vnp_TransactionStatus=00&vnp_TxnRef=ORDER_20250618005809_1724]
Calculated Hash: [6474087518372928cdf5df0391667208e03bad5dd6a342982d92badaac2f3fa1417debf2fab808971ec81482718463e811756ebdd06c83e1f37bd90bac0ea010]
Received Hash: [6474087518372928cdf5df0391667208e03bad5dd6a342982d92badaac2f3fa1417debf2fab808971ec81482718463e811756ebdd06c83e1f37bd90bac0ea010]
---------------------------------------------------------------------

---------------------------------------------------------------------
Timestamp: 2025-06-18 00:58:31
Stage: RETURN_URL - SUCCESS
Data:
Array
(
    [order_number] => ORDER_20250618005809_1724
    [message] => Thanh toán thành công!
)

---------------------------------------------------------------------

